2026-02-28 19:05:07 [byzantine-cluster-worker] Loss=0.1062 | Trust= 95.0 | ⚠️  ANOMALY
2026-02-28 19:05:07 [byzantine-cluster-worker2] Loss=3.5585 | Trust= 95.0 | ⚠️  ANOMALY
2026-02-28 19:05:07 [byzantine-cluster-worker3] Loss=0.1211 | Trust= 95.0 | ⚠️  ANOMALY
2026-02-28 19:05:07 [byzantine-cluster-worker4] Loss=0.1033 | Trust= 95.0 | ⚠️  ANOMALY
2026-02-28 19:05:07 [byzantine-cluster-worker5] Loss=0.0985 | Trust= 95.0 | ⚠️  ANOMALY
2026-02-28 19:05:17 [byzantine-cluster-worker] Loss=0.1047 | Trust= 90.0 | ⚠️  ANOMALY
2026-02-28 19:05:17 [byzantine-cluster-worker2] Loss=3.5922 | Trust= 90.0 | ⚠️  ANOMALY
2026-02-28 19:05:17 [byzantine-cluster-worker3] Loss=0.1236 | Trust= 90.0 | ⚠️  ANOMALY
2026-02-28 19:05:17 [byzantine-cluster-worker4] Loss=0.1036 | Trust= 90.0 | ⚠️  ANOMALY
2026-02-28 19:05:17 [byzantine-cluster-worker5] Loss=0.0989 | Trust= 90.0 | ⚠️  ANOMALY
2026-02-28 19:05:27 [byzantine-cluster-worker] Loss=0.1055 | Trust= 85.0 | ⚠️  ANOMALY
2026-02-28 19:05:27 [byzantine-cluster-worker2] Loss=3.6594 | Trust= 85.0 | ⚠️  ANOMALY
2026-02-28 19:05:27 [byzantine-cluster-worker3] Loss=0.1260 | Trust= 85.0 | ⚠️  ANOMALY
2026-02-28 19:05:27 [byzantine-cluster-worker4] Loss=0.1032 | Trust= 85.0 | ⚠️  ANOMALY
2026-02-28 19:05:27 [byzantine-cluster-worker5] Loss=0.0982 | Trust= 85.0 | ⚠️  ANOMALY
2026-02-28 19:05:37 [byzantine-cluster-worker] Loss=0.1052 | Trust= 80.0 | ⚠️  ANOMALY
2026-02-28 19:05:37 [byzantine-cluster-worker2] Loss=3.7510 | Trust= 80.0 | ⚠️  ANOMALY
2026-02-28 19:05:37 [byzantine-cluster-worker3] Loss=0.1316 | Trust= 80.0 | ⚠️  ANOMALY
2026-02-28 19:05:37 [byzantine-cluster-worker4] Loss=0.1035 | Trust= 80.0 | ⚠️  ANOMALY
2026-02-28 19:05:37 [byzantine-cluster-worker5] Loss=0.0981 | Trust= 80.0 | ⚠️  ANOMALY
2026-02-28 19:05:47 [byzantine-cluster-worker] Loss=0.1057 | Trust= 75.0 | ⚠️  ANOMALY
2026-02-28 19:05:47 [byzantine-cluster-worker2] Loss=3.8746 | Trust= 75.0 | ⚠️  ANOMALY
2026-02-28 19:05:48 [byzantine-cluster-worker3] Loss=0.1297 | Trust= 75.0 | ⚠️  ANOMALY
2026-02-28 19:05:48 [byzantine-cluster-worker4] Loss=0.1038 | Trust= 75.0 | ⚠️  ANOMALY
2026-02-28 19:05:48 [byzantine-cluster-worker5] Loss=0.0977 | Trust= 75.0 | ⚠️  ANOMALY
2026-02-28 21:00:18 [byzantine-cluster-worker] Loss=0.1458 | Trust= 95.0 | ⚠️  ANOMALY
2026-02-28 21:00:18 [byzantine-cluster-worker2] Loss=0.1464 | Trust= 95.0 | ⚠️  ANOMALY
2026-02-28 21:00:18 [byzantine-cluster-worker3] Loss=0.1470 | Trust= 95.0 | ⚠️  ANOMALY
2026-02-28 21:00:18 [byzantine-cluster-worker4] Loss=0.2478 | Trust= 95.0 | ⚠️  ANOMALY
2026-02-28 21:00:18 [byzantine-cluster-worker5] Loss=0.1462 | Trust= 95.0 | ⚠️  ANOMALY
2026-02-28 21:00:28 [byzantine-cluster-worker] Loss=0.1468 | Trust= 90.0 | ⚠️  ANOMALY
2026-02-28 21:00:28 [byzantine-cluster-worker2] Loss=0.1464 | Trust= 90.0 | ⚠️  ANOMALY
2026-02-28 21:00:28 [byzantine-cluster-worker3] Loss=0.1468 | Trust= 90.0 | ⚠️  ANOMALY
2026-02-28 21:00:28 [byzantine-cluster-worker4] Loss=0.2483 | Trust= 90.0 | ⚠️  ANOMALY
2026-02-28 21:00:28 [byzantine-cluster-worker5] Loss=0.1468 | Trust= 90.0 | ⚠️  ANOMALY
2026-02-28 21:00:38 [byzantine-cluster-worker] Loss=0.1469 | Trust= 85.0 | ⚠️  ANOMALY
2026-02-28 21:00:38 [byzantine-cluster-worker2] Loss=0.1466 | Trust= 85.0 | ⚠️  ANOMALY
2026-02-28 21:00:38 [byzantine-cluster-worker3] Loss=0.1474 | Trust= 85.0 | ⚠️  ANOMALY
2026-02-28 21:00:38 [byzantine-cluster-worker4] Loss=0.2449 | Trust= 85.0 | ⚠️  ANOMALY
2026-02-28 21:00:38 [byzantine-cluster-worker5] Loss=0.1470 | Trust= 85.0 | ⚠️  ANOMALY
2026-02-28 21:00:48 [byzantine-cluster-worker] Loss=0.1480 | Trust= 80.0 | ⚠️  ANOMALY
2026-02-28 21:00:48 [byzantine-cluster-worker2] Loss=0.1477 | Trust= 80.0 | ⚠️  ANOMALY
2026-02-28 21:00:48 [byzantine-cluster-worker3] Loss=0.1483 | Trust= 80.0 | ⚠️  ANOMALY
2026-02-28 21:00:48 [byzantine-cluster-worker4] Loss=0.2408 | Trust= 80.0 | ⚠️  ANOMALY
2026-02-28 21:00:48 [byzantine-cluster-worker5] Loss=0.1480 | Trust= 80.0 | ⚠️  ANOMALY
2026-02-28 21:28:44 [byzantine-cluster-worker] Loss=0.1029 | Trust= 95.0 | ⚠️  ANOMALY
2026-02-28 21:28:44 [byzantine-cluster-worker2] Loss=0.1018 | Trust= 95.0 | ⚠️  ANOMALY
2026-02-28 21:28:44 [byzantine-cluster-worker3] Loss=0.1052 | Trust= 95.0 | ⚠️  ANOMALY
2026-02-28 21:28:44 [byzantine-cluster-worker4] Loss=0.1984 | Trust= 95.0 | ⚠️  ANOMALY
2026-02-28 21:28:44 [byzantine-cluster-worker5] Loss=0.1033 | Trust= 95.0 | ⚠️  ANOMALY
2026-02-28 21:28:54 [byzantine-cluster-worker] Loss=0.1027 | Trust= 90.0 | ⚠️  ANOMALY
2026-02-28 21:28:54 [byzantine-cluster-worker2] Loss=0.1016 | Trust= 90.0 | ⚠️  ANOMALY
2026-02-28 21:28:54 [byzantine-cluster-worker3] Loss=0.1040 | Trust= 90.0 | ⚠️  ANOMALY
2026-02-28 21:28:54 [byzantine-cluster-worker4] Loss=0.1935 | Trust= 90.0 | ⚠️  ANOMALY
2026-02-28 21:28:54 [byzantine-cluster-worker5] Loss=0.1029 | Trust= 90.0 | ⚠️  ANOMALY
2026-02-28 21:29:04 [byzantine-cluster-worker] Loss=0.1024 | Trust= 85.0 | ⚠️  ANOMALY
2026-02-28 21:29:04 [byzantine-cluster-worker2] Loss=0.1012 | Trust= 85.0 | ⚠️  ANOMALY
2026-02-28 21:29:05 [byzantine-cluster-worker3] Loss=0.1035 | Trust= 85.0 | ⚠️  ANOMALY
2026-02-28 21:29:05 [byzantine-cluster-worker4] Loss=0.1892 | Trust= 85.0 | ⚠️  ANOMALY
2026-02-28 21:29:05 [byzantine-cluster-worker5] Loss=0.1022 | Trust= 85.0 | ⚠️  ANOMALY
2026-02-28 21:29:15 [byzantine-cluster-worker] Loss=0.1042 | Trust= 80.0 | ⚠️  ANOMALY
2026-02-28 21:29:15 [byzantine-cluster-worker2] Loss=0.1029 | Trust= 80.0 | ⚠️  ANOMALY
2026-02-28 21:29:15 [byzantine-cluster-worker3] Loss=0.1051 | Trust= 80.0 | ⚠️  ANOMALY
2026-02-28 21:29:15 [byzantine-cluster-worker4] Loss=0.1874 | Trust= 80.0 | ⚠️  ANOMALY
2026-02-28 21:29:15 [byzantine-cluster-worker5] Loss=0.1041 | Trust= 80.0 | ⚠️  ANOMALY
2026-02-28 21:29:25 [byzantine-cluster-worker] Loss=0.1044 | Trust= 75.0 | ⚠️  ANOMALY
2026-02-28 21:29:25 [byzantine-cluster-worker2] Loss=0.1043 | Trust= 75.0 | ⚠️  ANOMALY
2026-02-28 21:29:25 [byzantine-cluster-worker3] Loss=0.1065 | Trust= 75.0 | ⚠️  ANOMALY
2026-02-28 21:29:25 [byzantine-cluster-worker4] Loss=0.1832 | Trust= 75.0 | ⚠️  ANOMALY
2026-02-28 21:29:25 [byzantine-cluster-worker5] Loss=0.1043 | Trust= 75.0 | ⚠️  ANOMALY
2026-02-28 21:29:35 [byzantine-cluster-worker] Loss=0.1072 | Trust= 70.0 | ⚠️  ANOMALY
2026-02-28 21:29:35 [byzantine-cluster-worker2] Loss=0.1072 | Trust= 70.0 | ⚠️  ANOMALY
2026-02-28 21:29:35 [byzantine-cluster-worker3] Loss=0.1095 | Trust= 70.0 | ⚠️  ANOMALY
2026-02-28 21:29:35 [byzantine-cluster-worker4] Loss=0.1770 | Trust= 70.0 | ⚠️  ANOMALY
2026-02-28 21:29:35 [byzantine-cluster-worker5] Loss=0.1071 | Trust= 70.0 | ⚠️  ANOMALY
2026-02-28 21:29:45 [byzantine-cluster-worker] Loss=0.1089 | Trust= 65.0 | ⚠️  ANOMALY
2026-02-28 21:29:45 [byzantine-cluster-worker2] Loss=0.1089 | Trust= 65.0 | ⚠️  ANOMALY
2026-02-28 21:29:45 [byzantine-cluster-worker3] Loss=0.1113 | Trust= 65.0 | ⚠️  ANOMALY
2026-02-28 21:29:45 [byzantine-cluster-worker4] Loss=0.1688 | Trust= 65.0 | ⚠️  ANOMALY
2026-02-28 21:29:45 [byzantine-cluster-worker5] Loss=0.1087 | Trust= 65.0 | ⚠️  ANOMALY
2026-02-28 22:01:48 [byzantine-cluster-worker] Loss=0.1108 | Trust= 95.0 | ⚠️  ANOMALY
2026-02-28 22:01:48 [byzantine-cluster-worker2] Loss=0.1079 | Trust= 95.0 | ⚠️  ANOMALY
2026-02-28 22:01:48 [byzantine-cluster-worker3] Loss=0.1109 | Trust= 95.0 | ⚠️  ANOMALY
2026-02-28 22:01:48 [byzantine-cluster-worker4] Loss=0.1668 | Trust= 95.0 | ⚠️  ANOMALY
2026-02-28 22:01:48 [byzantine-cluster-worker5] Loss=0.1119 | Trust= 95.0 | ⚠️  ANOMALY
2026-02-28 22:01:58 [byzantine-cluster-worker] Loss=0.1111 | Trust= 90.0 | ⚠️  ANOMALY
2026-02-28 22:01:58 [byzantine-cluster-worker2] Loss=0.1086 | Trust= 90.0 | ⚠️  ANOMALY
2026-02-28 22:01:58 [byzantine-cluster-worker3] Loss=0.1107 | Trust= 90.0 | ⚠️  ANOMALY
2026-02-28 22:01:59 [byzantine-cluster-worker4] Loss=0.1677 | Trust= 90.0 | ⚠️  ANOMALY
2026-02-28 22:01:59 [byzantine-cluster-worker5] Loss=0.1123 | Trust= 90.0 | ⚠️  ANOMALY
2026-02-28 22:02:09 [byzantine-cluster-worker] Loss=0.1119 | Trust= 85.0 | ⚠️  ANOMALY
2026-02-28 22:02:09 [byzantine-cluster-worker2] Loss=0.1104 | Trust= 85.0 | ⚠️  ANOMALY
2026-02-28 22:02:09 [byzantine-cluster-worker3] Loss=0.1105 | Trust= 85.0 | ⚠️  ANOMALY
2026-02-28 22:02:09 [byzantine-cluster-worker4] Loss=0.1679 | Trust= 85.0 | ⚠️  ANOMALY
2026-02-28 22:02:09 [byzantine-cluster-worker5] Loss=0.1133 | Trust= 85.0 | ⚠️  ANOMALY
2026-02-28 22:02:19 [byzantine-cluster-worker] Loss=0.1120 | Trust= 80.0 | ⚠️  ANOMALY
2026-02-28 22:02:19 [byzantine-cluster-worker2] Loss=0.1123 | Trust= 80.0 | ⚠️  ANOMALY
2026-02-28 22:02:19 [byzantine-cluster-worker3] Loss=0.1111 | Trust= 80.0 | ⚠️  ANOMALY
2026-02-28 22:02:19 [byzantine-cluster-worker4] Loss=0.1673 | Trust= 80.0 | ⚠️  ANOMALY
2026-02-28 22:02:19 [byzantine-cluster-worker5] Loss=0.1139 | Trust= 80.0 | ⚠️  ANOMALY
2026-02-28 22:02:29 [byzantine-cluster-worker] Loss=0.1126 | Trust= 75.0 | ⚠️  ANOMALY
2026-02-28 22:02:29 [byzantine-cluster-worker2] Loss=0.1132 | Trust= 75.0 | ⚠️  ANOMALY
2026-02-28 22:02:29 [byzantine-cluster-worker3] Loss=0.1117 | Trust= 75.0 | ⚠️  ANOMALY
2026-02-28 22:02:29 [byzantine-cluster-worker4] Loss=0.1672 | Trust= 75.0 | ⚠️  ANOMALY
2026-02-28 22:02:29 [byzantine-cluster-worker5] Loss=0.1145 | Trust= 75.0 | ⚠️  ANOMALY
2026-02-28 22:02:39 [byzantine-cluster-worker] Loss=0.1130 | Trust= 70.0 | ⚠️  ANOMALY
2026-02-28 22:02:39 [byzantine-cluster-worker2] Loss=0.1139 | Trust= 70.0 | ⚠️  ANOMALY
2026-02-28 22:02:39 [byzantine-cluster-worker3] Loss=0.1117 | Trust= 70.0 | ⚠️  ANOMALY
2026-02-28 22:02:39 [byzantine-cluster-worker4] Loss=0.1670 | Trust= 70.0 | ⚠️  ANOMALY
2026-02-28 22:02:39 [byzantine-cluster-worker5] Loss=0.1146 | Trust= 70.0 | ⚠️  ANOMALY
2026-02-28 22:02:49 [byzantine-cluster-worker] Loss=0.1134 | Trust= 65.0 | ⚠️  ANOMALY
2026-02-28 22:02:49 [byzantine-cluster-worker2] Loss=0.1138 | Trust= 65.0 | ⚠️  ANOMALY
2026-02-28 22:02:49 [byzantine-cluster-worker3] Loss=0.1115 | Trust= 65.0 | ⚠️  ANOMALY
2026-02-28 22:02:49 [byzantine-cluster-worker4] Loss=0.1671 | Trust= 65.0 | ⚠️  ANOMALY
2026-02-28 22:02:49 [byzantine-cluster-worker5] Loss=0.1146 | Trust= 65.0 | ⚠️  ANOMALY
2026-02-28 22:02:59 [byzantine-cluster-worker] Loss=0.1138 | Trust= 60.0 | ⚠️  ANOMALY
2026-02-28 22:02:59 [byzantine-cluster-worker2] Loss=0.1141 | Trust= 60.0 | ⚠️  ANOMALY
2026-02-28 22:02:59 [byzantine-cluster-worker3] Loss=0.1120 | Trust= 60.0 | ⚠️  ANOMALY
2026-02-28 22:02:59 [byzantine-cluster-worker4] Loss=0.1671 | Trust= 60.0 | ⚠️  ANOMALY
2026-02-28 22:02:59 [byzantine-cluster-worker5] Loss=0.1146 | Trust= 60.0 | ⚠️  ANOMALY
2026-02-28 22:03:10 [byzantine-cluster-worker] Loss=0.1140 | Trust= 55.0 | ⚠️  ANOMALY
2026-02-28 22:03:10 [byzantine-cluster-worker2] Loss=0.1127 | Trust= 55.0 | ⚠️  ANOMALY
2026-02-28 22:03:10 [byzantine-cluster-worker3] Loss=0.1118 | Trust= 55.0 | ⚠️  ANOMALY
2026-02-28 22:03:10 [byzantine-cluster-worker4] Loss=0.1670 | Trust= 55.0 | ⚠️  ANOMALY
2026-02-28 22:03:10 [byzantine-cluster-worker5] Loss=0.1145 | Trust= 55.0 | ⚠️  ANOMALY
2026-02-28 22:03:20 [byzantine-cluster-worker] Loss=0.1136 | Trust= 50.0 | ⚠️  ANOMALY
2026-02-28 22:03:20 [byzantine-cluster-worker2] Loss=0.1127 | Trust= 50.0 | ⚠️  ANOMALY
2026-02-28 22:03:20 [byzantine-cluster-worker3] Loss=0.1126 | Trust= 50.0 | ⚠️  ANOMALY
2026-02-28 22:03:20 [byzantine-cluster-worker4] Loss=0.1675 | Trust= 50.0 | ⚠️  ANOMALY
2026-02-28 22:03:20 [byzantine-cluster-worker5] Loss=0.1140 | Trust= 50.0 | ⚠️  ANOMALY
2026-02-28 22:03:30 [byzantine-cluster-worker] Loss=0.1146 | Trust= 45.0 | ⚠️  ANOMALY
2026-02-28 22:03:30 [byzantine-cluster-worker2] Loss=0.1141 | Trust= 45.0 | ⚠️  ANOMALY
2026-02-28 22:03:30 [byzantine-cluster-worker3] Loss=0.1144 | Trust= 45.0 | ⚠️  ANOMALY
2026-02-28 22:03:30 [byzantine-cluster-worker4] Loss=0.1674 | Trust= 45.0 | ⚠️  ANOMALY
2026-02-28 22:03:30 [byzantine-cluster-worker5] Loss=0.1145 | Trust= 45.0 | ⚠️  ANOMALY
2026-02-28 22:03:40 [byzantine-cluster-worker] Loss=0.1152 | Trust= 40.0 | ⚠️  ANOMALY
2026-02-28 22:03:40 [byzantine-cluster-worker2] Loss=0.1154 | Trust= 40.0 | ⚠️  ANOMALY
2026-02-28 22:03:40 [byzantine-cluster-worker3] Loss=0.1162 | Trust= 40.0 | ⚠️  ANOMALY
2026-02-28 22:03:40 [byzantine-cluster-worker4] Loss=0.1677 | Trust= 40.0 | ⚠️  ANOMALY
2026-02-28 22:03:40 [byzantine-cluster-worker5] Loss=0.1149 | Trust= 40.0 | ⚠️  ANOMALY
2026-02-28 22:03:50 [byzantine-cluster-worker] Loss=0.1156 | Trust= 35.0 | ⚠️  ANOMALY
2026-02-28 22:03:50 [byzantine-cluster-worker2] Loss=0.1161 | Trust= 35.0 | ⚠️  ANOMALY
2026-02-28 22:03:50 [byzantine-cluster-worker3] Loss=0.1169 | Trust= 35.0 | ⚠️  ANOMALY
2026-02-28 22:03:50 [byzantine-cluster-worker4] Loss=0.1682 | Trust= 35.0 | ⚠️  ANOMALY
2026-02-28 22:03:50 [byzantine-cluster-worker5] Loss=0.1151 | Trust= 35.0 | ⚠️  ANOMALY
2026-02-28 22:35:14 [byzantine-cluster-worker] Loss=0.0258 | Trust= 95.0 | ⚠️  ANOMALY
2026-02-28 22:35:14 [byzantine-cluster-worker2] Loss=0.0273 | Trust= 95.0 | ⚠️  ANOMALY
2026-02-28 22:35:14 [byzantine-cluster-worker3] Loss=0.0262 | Trust= 95.0 | ⚠️  ANOMALY
2026-02-28 22:35:14 [byzantine-cluster-worker4] Loss=0.0205 | Trust= 95.0 | ⚠️  ANOMALY
2026-02-28 22:35:14 [byzantine-cluster-worker5] Loss=0.0294 | Trust= 95.0 | ⚠️  ANOMALY
2026-02-28 22:35:24 [byzantine-cluster-worker] Loss=0.0263 | Trust= 90.0 | ⚠️  ANOMALY
2026-02-28 22:35:24 [byzantine-cluster-worker2] Loss=0.0283 | Trust= 90.0 | ⚠️  ANOMALY
2026-02-28 22:35:24 [byzantine-cluster-worker3] Loss=0.0270 | Trust= 90.0 | ⚠️  ANOMALY
2026-02-28 22:35:24 [byzantine-cluster-worker4] Loss=0.0201 | Trust= 90.0 | ⚠️  ANOMALY
2026-02-28 22:35:24 [byzantine-cluster-worker5] Loss=0.0299 | Trust= 90.0 | ⚠️  ANOMALY
2026-02-28 22:35:34 [byzantine-cluster-worker] Loss=0.0264 | Trust= 85.0 | ⚠️  ANOMALY
2026-02-28 22:35:34 [byzantine-cluster-worker2] Loss=0.0289 | Trust= 85.0 | ⚠️  ANOMALY
2026-02-28 22:35:34 [byzantine-cluster-worker3] Loss=0.0274 | Trust= 85.0 | ⚠️  ANOMALY
2026-02-28 22:35:34 [byzantine-cluster-worker4] Loss=0.0198 | Trust= 91.0 | ✅ normal
2026-02-28 22:35:34 [byzantine-cluster-worker5] Loss=0.0300 | Trust= 85.0 | ⚠️  ANOMALY
2026-02-28 22:35:44 [byzantine-cluster-worker] Loss=0.0265 | Trust= 80.0 | ⚠️  ANOMALY
2026-02-28 22:35:44 [byzantine-cluster-worker2] Loss=0.0294 | Trust= 80.0 | ⚠️  ANOMALY
2026-02-28 22:35:44 [byzantine-cluster-worker3] Loss=0.0279 | Trust= 80.0 | ⚠️  ANOMALY
2026-02-28 22:35:45 [byzantine-cluster-worker4] Loss=0.0199 | Trust= 92.0 | ✅ normal
2026-02-28 22:35:45 [byzantine-cluster-worker5] Loss=0.0300 | Trust= 80.0 | ⚠️  ANOMALY
2026-02-28 22:35:55 [byzantine-cluster-worker] Loss=0.0266 | Trust= 75.0 | ⚠️  ANOMALY
2026-02-28 22:35:55 [byzantine-cluster-worker2] Loss=0.0300 | Trust= 75.0 | ⚠️  ANOMALY
2026-02-28 22:35:55 [byzantine-cluster-worker3] Loss=0.0284 | Trust= 75.0 | ⚠️  ANOMALY
2026-02-28 22:35:55 [byzantine-cluster-worker4] Loss=0.0199 | Trust= 93.0 | ✅ normal
2026-02-28 22:35:55 [byzantine-cluster-worker5] Loss=0.0301 | Trust= 75.0 | ⚠️  ANOMALY
2026-02-28 22:36:05 [byzantine-cluster-worker] Loss=0.0266 | Trust= 70.0 | ⚠️  ANOMALY
2026-02-28 22:36:05 [byzantine-cluster-worker2] Loss=0.0301 | Trust= 70.0 | ⚠️  ANOMALY
2026-02-28 22:36:05 [byzantine-cluster-worker3] Loss=0.0289 | Trust= 70.0 | ⚠️  ANOMALY
2026-02-28 22:36:05 [byzantine-cluster-worker4] Loss=0.0200 | Trust= 88.0 | ⚠️  ANOMALY
2026-02-28 22:36:05 [byzantine-cluster-worker5] Loss=0.0300 | Trust= 70.0 | ⚠️  ANOMALY
2026-02-28 22:36:15 [byzantine-cluster-worker] Loss=0.0266 | Trust= 65.0 | ⚠️  ANOMALY
2026-02-28 22:36:15 [byzantine-cluster-worker2] Loss=0.0301 | Trust= 65.0 | ⚠️  ANOMALY
2026-02-28 22:36:15 [byzantine-cluster-worker3] Loss=0.0293 | Trust= 65.0 | ⚠️  ANOMALY
2026-02-28 22:36:15 [byzantine-cluster-worker4] Loss=0.0202 | Trust= 83.0 | ⚠️  ANOMALY
2026-02-28 22:36:15 [byzantine-cluster-worker5] Loss=0.0299 | Trust= 65.0 | ⚠️  ANOMALY
2026-03-01 00:37:27 [byzantine-cluster-worker] Loss=0.0207 | Trust=100.0 | ✅ normal
2026-03-01 00:37:27 [byzantine-cluster-worker2] Loss=0.0231 | Trust=100.0 | ✅ normal
2026-03-01 00:37:27 [byzantine-cluster-worker3] Loss=0.0234 | Trust=100.0 | ✅ normal
2026-03-01 00:37:27 [byzantine-cluster-worker4] Loss=0.0201 | Trust=100.0 | ✅ normal
2026-03-01 00:37:27 [byzantine-cluster-worker5] Loss=0.0219 | Trust=100.0 | ✅ normal
2026-03-01 00:37:37 [byzantine-cluster-worker] Loss=0.0207 | Trust=100.0 | ✅ normal
2026-03-01 00:37:37 [byzantine-cluster-worker2] Loss=0.0236 | Trust=100.0 | ✅ normal
2026-03-01 00:37:37 [byzantine-cluster-worker3] Loss=0.0239 | Trust=100.0 | ✅ normal
2026-03-01 00:37:37 [byzantine-cluster-worker4] Loss=0.0197 | Trust=100.0 | ✅ normal
2026-03-01 00:37:37 [byzantine-cluster-worker5] Loss=0.0222 | Trust=100.0 | ✅ normal
2026-03-01 00:37:47 [byzantine-cluster-worker] Loss=0.0205 | Trust=100.0 | ✅ normal
2026-03-01 00:37:47 [byzantine-cluster-worker2] Loss=0.0238 | Trust=100.0 | ✅ normal
2026-03-01 00:37:47 [byzantine-cluster-worker3] Loss=0.0241 | Trust=100.0 | ✅ normal
2026-03-01 00:37:47 [byzantine-cluster-worker4] Loss=0.0197 | Trust=100.0 | ✅ normal
2026-03-01 00:37:48 [byzantine-cluster-worker5] Loss=0.0220 | Trust=100.0 | ✅ normal
2026-03-01 00:37:58 [byzantine-cluster-worker] Loss=0.0202 | Trust=100.0 | ✅ normal
2026-03-01 00:37:58 [byzantine-cluster-worker2] Loss=0.0239 | Trust=100.0 | ✅ normal
2026-03-01 00:37:58 [byzantine-cluster-worker3] Loss=0.0242 | Trust=100.0 | ✅ normal
2026-03-01 00:37:58 [byzantine-cluster-worker4] Loss=0.0199 | Trust=100.0 | ✅ normal
2026-03-01 00:37:58 [byzantine-cluster-worker5] Loss=0.0219 | Trust=100.0 | ✅ normal
2026-03-01 00:38:08 [byzantine-cluster-worker] Loss=0.0200 | Trust=100.0 | ✅ normal
2026-03-01 00:38:08 [byzantine-cluster-worker2] Loss=0.0238 | Trust=100.0 | ✅ normal
2026-03-01 00:38:08 [byzantine-cluster-worker3] Loss=0.0241 | Trust=100.0 | ✅ normal
2026-03-01 00:38:08 [byzantine-cluster-worker4] Loss=0.0201 | Trust=100.0 | ✅ normal
2026-03-01 00:38:08 [byzantine-cluster-worker5] Loss=0.0217 | Trust=100.0 | ✅ normal
2026-03-01 00:38:18 [byzantine-cluster-worker] Loss=0.0197 | Trust=100.0 | ✅ normal
2026-03-01 00:38:18 [byzantine-cluster-worker2] Loss=0.0237 | Trust=100.0 | ✅ normal
2026-03-01 00:38:18 [byzantine-cluster-worker3] Loss=0.0240 | Trust=100.0 | ✅ normal
2026-03-01 00:38:18 [byzantine-cluster-worker4] Loss=0.0204 | Trust=100.0 | ✅ normal
2026-03-01 00:38:18 [byzantine-cluster-worker5] Loss=0.0215 | Trust=100.0 | ✅ normal
2026-03-01 00:38:28 [byzantine-cluster-worker] Loss=0.0195 | Trust=100.0 | ✅ normal
2026-03-01 00:38:28 [byzantine-cluster-worker2] Loss=0.0236 | Trust=100.0 | ✅ normal
2026-03-01 00:38:28 [byzantine-cluster-worker3] Loss=0.0239 | Trust=100.0 | ✅ normal
2026-03-01 00:38:28 [byzantine-cluster-worker4] Loss=0.0208 | Trust=100.0 | ✅ normal
2026-03-01 00:38:28 [byzantine-cluster-worker5] Loss=0.0212 | Trust=100.0 | ✅ normal
2026-03-01 00:38:38 [byzantine-cluster-worker] Loss=0.0198 | Trust=100.0 | ✅ normal
2026-03-01 00:38:38 [byzantine-cluster-worker2] Loss=0.0235 | Trust=100.0 | ✅ normal
2026-03-01 00:38:38 [byzantine-cluster-worker3] Loss=0.0241 | Trust=100.0 | ✅ normal
2026-03-01 00:38:38 [byzantine-cluster-worker4] Loss=0.0211 | Trust=100.0 | ✅ normal
2026-03-01 00:38:38 [byzantine-cluster-worker5] Loss=0.0210 | Trust=100.0 | ✅ normal
2026-03-01 00:38:48 [byzantine-cluster-worker] Loss=0.0199 | Trust=100.0 | ✅ normal
2026-03-01 00:38:48 [byzantine-cluster-worker2] Loss=0.0236 | Trust=100.0 | ✅ normal
2026-03-01 00:38:48 [byzantine-cluster-worker3] Loss=0.0243 | Trust=100.0 | ✅ normal
2026-03-01 00:38:48 [byzantine-cluster-worker4] Loss=0.0213 | Trust=100.0 | ✅ normal
2026-03-01 00:38:48 [byzantine-cluster-worker5] Loss=0.0209 | Trust=100.0 | ✅ normal
2026-03-01 00:38:59 [byzantine-cluster-worker] Loss=0.0200 | Trust=100.0 | ✅ normal
2026-03-01 00:38:59 [byzantine-cluster-worker2] Loss=0.0234 | Trust=100.0 | ✅ normal
2026-03-01 00:38:59 [byzantine-cluster-worker3] Loss=0.0241 | Trust=100.0 | ✅ normal
2026-03-01 00:38:59 [byzantine-cluster-worker4] Loss=0.0216 | Trust=100.0 | ✅ normal
2026-03-01 00:38:59 [byzantine-cluster-worker5] Loss=0.0206 | Trust=100.0 | ✅ normal
2026-03-01 00:39:09 [byzantine-cluster-worker] Loss=0.0202 | Trust=100.0 | ✅ normal
2026-03-01 00:39:09 [byzantine-cluster-worker2] Loss=0.0233 | Trust=100.0 | ✅ normal
2026-03-01 00:39:09 [byzantine-cluster-worker3] Loss=0.0237 | Trust=100.0 | ✅ normal
2026-03-01 00:39:09 [byzantine-cluster-worker4] Loss=0.0217 | Trust=100.0 | ✅ normal
2026-03-01 00:39:09 [byzantine-cluster-worker5] Loss=0.0206 | Trust=100.0 | ✅ normal
2026-03-01 11:05:03 [byzantine-cluster-worker] Loss=0.0152 | Trust=100.0 | ✅ normal
2026-03-01 11:05:03 [byzantine-cluster-worker2] Loss=0.0101 | Trust=100.0 | ✅ normal
2026-03-01 11:05:03 [byzantine-cluster-worker3] Loss=0.0278 | Trust=100.0 | ✅ normal
2026-03-01 11:05:03 [byzantine-cluster-worker4] Loss=0.0165 | Trust=100.0 | ✅ normal
2026-03-01 11:05:03 [byzantine-cluster-worker5] Loss=0.0112 | Trust=100.0 | ✅ normal
2026-03-01 11:05:13 [byzantine-cluster-worker] Loss=0.0145 | Trust=100.0 | ✅ normal
2026-03-01 11:05:13 [byzantine-cluster-worker2] Loss=0.0100 | Trust=100.0 | ✅ normal
2026-03-01 11:05:13 [byzantine-cluster-worker3] Loss=0.0253 | Trust=100.0 | ✅ normal
2026-03-01 11:05:13 [byzantine-cluster-worker4] Loss=0.0159 | Trust=100.0 | ✅ normal
2026-03-01 11:05:13 [byzantine-cluster-worker5] Loss=0.0111 | Trust=100.0 | ✅ normal
2026-03-01 11:05:23 [byzantine-cluster-worker] Loss=0.0160 | Trust=100.0 | ✅ normal
2026-03-01 11:05:23 [byzantine-cluster-worker2] Loss=0.0132 | Trust=100.0 | ✅ normal
2026-03-01 11:05:23 [byzantine-cluster-worker3] Loss=0.0237 | Trust=100.0 | ✅ normal
2026-03-01 11:05:23 [byzantine-cluster-worker4] Loss=0.0179 | Trust=100.0 | ✅ normal
2026-03-01 11:05:23 [byzantine-cluster-worker5] Loss=0.0142 | Trust=100.0 | ✅ normal
2026-03-01 11:05:33 [byzantine-cluster-worker] Loss=0.0154 | Trust=100.0 | ✅ normal
2026-03-01 11:05:33 [byzantine-cluster-worker2] Loss=0.0126 | Trust=100.0 | ✅ normal
2026-03-01 11:05:33 [byzantine-cluster-worker3] Loss=0.0205 | Trust=100.0 | ✅ normal
2026-03-01 11:05:33 [byzantine-cluster-worker4] Loss=0.0169 | Trust=100.0 | ✅ normal
2026-03-01 11:05:34 [byzantine-cluster-worker5] Loss=0.0138 | Trust=100.0 | ✅ normal
2026-03-01 11:05:44 [byzantine-cluster-worker] Loss=0.0149 | Trust=100.0 | ✅ normal
2026-03-01 11:05:44 [byzantine-cluster-worker2] Loss=0.0125 | Trust=100.0 | ✅ normal
2026-03-01 11:05:44 [byzantine-cluster-worker3] Loss=0.0202 | Trust=100.0 | ✅ normal
2026-03-01 11:05:44 [byzantine-cluster-worker4] Loss=0.0163 | Trust=100.0 | ✅ normal
2026-03-01 11:05:44 [byzantine-cluster-worker5] Loss=0.0137 | Trust=100.0 | ✅ normal
2026-03-01 11:05:54 [byzantine-cluster-worker] Loss=0.0144 | Trust=100.0 | ✅ normal
2026-03-01 11:05:54 [byzantine-cluster-worker2] Loss=0.0124 | Trust=100.0 | ✅ normal
2026-03-01 11:05:54 [byzantine-cluster-worker3] Loss=0.0206 | Trust=100.0 | ✅ normal
2026-03-01 11:05:54 [byzantine-cluster-worker4] Loss=0.0158 | Trust=100.0 | ✅ normal
2026-03-01 11:05:54 [byzantine-cluster-worker5] Loss=0.0135 | Trust=100.0 | ✅ normal
2026-03-01 11:06:04 [byzantine-cluster-worker] Loss=0.0128 | Trust=100.0 | ✅ normal
2026-03-01 11:06:04 [byzantine-cluster-worker2] Loss=0.0124 | Trust=100.0 | ✅ normal
2026-03-01 11:06:04 [byzantine-cluster-worker3] Loss=0.0183 | Trust=100.0 | ✅ normal
2026-03-01 11:06:04 [byzantine-cluster-worker4] Loss=0.0142 | Trust=100.0 | ✅ normal
2026-03-01 11:06:04 [byzantine-cluster-worker5] Loss=0.0134 | Trust=100.0 | ✅ normal
2026-03-01 11:06:14 [byzantine-cluster-worker] Loss=0.0160 | Trust=100.0 | ✅ normal
2026-03-01 11:06:14 [byzantine-cluster-worker2] Loss=0.0154 | Trust=100.0 | ✅ normal
2026-03-01 11:06:14 [byzantine-cluster-worker3] Loss=0.0186 | Trust=100.0 | ✅ normal
2026-03-01 11:06:14 [byzantine-cluster-worker4] Loss=0.0178 | Trust=100.0 | ✅ normal
2026-03-01 11:06:14 [byzantine-cluster-worker5] Loss=0.0163 | Trust=100.0 | ✅ normal
2026-03-01 11:06:24 [byzantine-cluster-worker] Loss=0.0151 | Trust=100.0 | ✅ normal
2026-03-01 11:06:24 [byzantine-cluster-worker2] Loss=0.0145 | Trust=100.0 | ✅ normal
2026-03-01 11:06:24 [byzantine-cluster-worker3] Loss=0.0208 | Trust=100.0 | ✅ normal
2026-03-01 11:06:24 [byzantine-cluster-worker4] Loss=0.0165 | Trust=100.0 | ✅ normal
2026-03-01 11:06:24 [byzantine-cluster-worker5] Loss=0.0153 | Trust=100.0 | ✅ normal
2026-03-01 11:06:34 [byzantine-cluster-worker] Loss=0.0135 | Trust=100.0 | ✅ normal
2026-03-01 11:06:34 [byzantine-cluster-worker2] Loss=0.0130 | Trust=100.0 | ✅ normal
2026-03-01 11:06:34 [byzantine-cluster-worker3] Loss=0.0170 | Trust=100.0 | ✅ normal
2026-03-01 11:06:34 [byzantine-cluster-worker4] Loss=0.0149 | Trust=100.0 | ✅ normal
2026-03-01 11:06:34 [byzantine-cluster-worker5] Loss=0.0134 | Trust=100.0 | ✅ normal
2026-03-01 11:06:44 [byzantine-cluster-worker] Loss=0.0137 | Trust=100.0 | ✅ normal
2026-03-01 11:06:45 [byzantine-cluster-worker2] Loss=0.0155 | Trust=100.0 | ✅ normal
2026-03-01 11:06:45 [byzantine-cluster-worker3] Loss=0.0172 | Trust=100.0 | ✅ normal
2026-03-01 11:06:45 [byzantine-cluster-worker4] Loss=0.0150 | Trust=100.0 | ✅ normal
2026-03-01 11:06:45 [byzantine-cluster-worker5] Loss=0.0160 | Trust=100.0 | ✅ normal
2026-03-01 11:06:55 [byzantine-cluster-worker] Loss=0.0138 | Trust=100.0 | ✅ normal
2026-03-01 11:06:55 [byzantine-cluster-worker2] Loss=0.0155 | Trust=100.0 | ✅ normal
2026-03-01 11:06:55 [byzantine-cluster-worker3] Loss=0.0175 | Trust=100.0 | ✅ normal
2026-03-01 11:06:55 [byzantine-cluster-worker4] Loss=0.0151 | Trust=100.0 | ✅ normal
2026-03-01 11:06:55 [byzantine-cluster-worker5] Loss=0.0158 | Trust=100.0 | ✅ normal
2026-03-01 11:07:05 [byzantine-cluster-worker] Loss=0.0138 | Trust=100.0 | ✅ normal
2026-03-01 11:07:05 [byzantine-cluster-worker2] Loss=0.0158 | Trust=100.0 | ✅ normal
2026-03-01 11:07:05 [byzantine-cluster-worker3] Loss=0.0184 | Trust=100.0 | ✅ normal
2026-03-01 11:07:05 [byzantine-cluster-worker4] Loss=0.0150 | Trust=100.0 | ✅ normal
2026-03-01 11:07:05 [byzantine-cluster-worker5] Loss=0.0159 | Trust=100.0 | ✅ normal
2026-03-01 11:07:15 [byzantine-cluster-worker] Loss=0.0142 | Trust=100.0 | ✅ normal
2026-03-01 11:07:15 [byzantine-cluster-worker2] Loss=0.0162 | Trust=100.0 | ✅ normal
2026-03-01 11:07:15 [byzantine-cluster-worker3] Loss=0.0181 | Trust=100.0 | ✅ normal
2026-03-01 11:07:15 [byzantine-cluster-worker4] Loss=0.0150 | Trust=100.0 | ✅ normal
2026-03-01 11:07:15 [byzantine-cluster-worker5] Loss=0.0161 | Trust=100.0 | ✅ normal
2026-03-01 11:07:25 [byzantine-cluster-worker] Loss=0.0163 | Trust=100.0 | ✅ normal
2026-03-01 11:07:25 [byzantine-cluster-worker2] Loss=0.0186 | Trust=100.0 | ✅ normal
2026-03-01 11:07:25 [byzantine-cluster-worker3] Loss=0.0170 | Trust=100.0 | ✅ normal
2026-03-01 11:07:25 [byzantine-cluster-worker4] Loss=0.0147 | Trust=100.0 | ✅ normal
2026-03-01 11:07:25 [byzantine-cluster-worker5] Loss=0.0163 | Trust=100.0 | ✅ normal
2026-03-01 11:07:35 [byzantine-cluster-worker] Loss=0.0158 | Trust=100.0 | ✅ normal
2026-03-01 11:07:35 [byzantine-cluster-worker2] Loss=0.0184 | Trust=100.0 | ✅ normal
2026-03-01 11:07:35 [byzantine-cluster-worker3] Loss=0.0159 | Trust=100.0 | ✅ normal
2026-03-01 11:07:35 [byzantine-cluster-worker4] Loss=0.0141 | Trust=100.0 | ✅ normal
2026-03-01 11:07:35 [byzantine-cluster-worker5] Loss=0.0162 | Trust=100.0 | ✅ normal
2026-03-01 11:07:45 [byzantine-cluster-worker] Loss=0.0156 | Trust=100.0 | ✅ normal
2026-03-01 11:07:45 [byzantine-cluster-worker2] Loss=0.0183 | Trust=100.0 | ✅ normal
2026-03-01 11:07:45 [byzantine-cluster-worker3] Loss=0.0166 | Trust=100.0 | ✅ normal
2026-03-01 11:07:45 [byzantine-cluster-worker4] Loss=0.0136 | Trust=100.0 | ✅ normal
2026-03-01 11:07:46 [byzantine-cluster-worker5] Loss=0.0160 | Trust=100.0 | ✅ normal
2026-03-01 11:07:56 [byzantine-cluster-worker] Loss=0.0179 | Trust=100.0 | ✅ normal
2026-03-01 11:07:56 [byzantine-cluster-worker2] Loss=0.0200 | Trust=100.0 | ✅ normal
2026-03-01 11:07:56 [byzantine-cluster-worker3] Loss=0.0198 | Trust=100.0 | ✅ normal
2026-03-01 11:07:56 [byzantine-cluster-worker4] Loss=0.0155 | Trust=100.0 | ✅ normal
2026-03-01 11:07:56 [byzantine-cluster-worker5] Loss=0.0178 | Trust=100.0 | ✅ normal
2026-03-01 11:08:06 [byzantine-cluster-worker] Loss=0.0164 | Trust=100.0 | ✅ normal
2026-03-01 11:08:06 [byzantine-cluster-worker2] Loss=0.0188 | Trust=100.0 | ✅ normal
2026-03-01 11:08:06 [byzantine-cluster-worker3] Loss=0.0201 | Trust=100.0 | ✅ normal
2026-03-01 11:08:06 [byzantine-cluster-worker4] Loss=0.0138 | Trust=100.0 | ✅ normal
2026-03-01 11:08:06 [byzantine-cluster-worker5] Loss=0.0163 | Trust=100.0 | ✅ normal
2026-03-01 11:08:16 [byzantine-cluster-worker] Loss=0.0147 | Trust=100.0 | ✅ normal
2026-03-01 11:08:16 [byzantine-cluster-worker2] Loss=0.0174 | Trust=100.0 | ✅ normal
2026-03-01 11:08:16 [byzantine-cluster-worker3] Loss=0.0186 | Trust=100.0 | ✅ normal
2026-03-01 11:08:16 [byzantine-cluster-worker4] Loss=0.0119 | Trust=100.0 | ✅ normal
2026-03-01 11:08:16 [byzantine-cluster-worker5] Loss=0.0146 | Trust=100.0 | ✅ normal
2026-03-01 11:08:26 [byzantine-cluster-worker] Loss=0.0175 | Trust=100.0 | ✅ normal
2026-03-01 11:08:26 [byzantine-cluster-worker2] Loss=0.0172 | Trust=100.0 | ✅ normal
2026-03-01 11:08:26 [byzantine-cluster-worker3] Loss=0.0202 | Trust=100.0 | ✅ normal
2026-03-01 11:08:26 [byzantine-cluster-worker4] Loss=0.0143 | Trust=100.0 | ✅ normal
2026-03-01 11:08:26 [byzantine-cluster-worker5] Loss=0.0142 | Trust=100.0 | ✅ normal
2026-03-01 11:08:36 [byzantine-cluster-worker] Loss=0.0164 | Trust=100.0 | ✅ normal
2026-03-01 11:08:36 [byzantine-cluster-worker2] Loss=0.0167 | Trust=100.0 | ✅ normal
2026-03-01 11:08:36 [byzantine-cluster-worker3] Loss=0.0197 | Trust=100.0 | ✅ normal
2026-03-01 11:08:36 [byzantine-cluster-worker4] Loss=0.0129 | Trust=100.0 | ✅ normal
2026-03-01 11:08:36 [byzantine-cluster-worker5] Loss=0.0136 | Trust=100.0 | ✅ normal
2026-03-01 11:08:46 [byzantine-cluster-worker] Loss=0.0150 | Trust=100.0 | ✅ normal
2026-03-01 11:08:46 [byzantine-cluster-worker2] Loss=0.0154 | Trust=100.0 | ✅ normal
2026-03-01 11:08:46 [byzantine-cluster-worker3] Loss=0.0186 | Trust=100.0 | ✅ normal
2026-03-01 11:08:46 [byzantine-cluster-worker4] Loss=0.0112 | Trust=100.0 | ✅ normal
2026-03-01 11:08:46 [byzantine-cluster-worker5] Loss=0.0122 | Trust=100.0 | ✅ normal
2026-03-01 11:08:57 [byzantine-cluster-worker] Loss=0.0151 | Trust=100.0 | ✅ normal
2026-03-01 11:08:57 [byzantine-cluster-worker2] Loss=0.0154 | Trust=100.0 | ✅ normal
2026-03-01 11:08:57 [byzantine-cluster-worker3] Loss=0.0185 | Trust=100.0 | ✅ normal
2026-03-01 11:08:57 [byzantine-cluster-worker4] Loss=0.0111 | Trust=100.0 | ✅ normal
2026-03-01 11:08:57 [byzantine-cluster-worker5] Loss=0.0124 | Trust=100.0 | ✅ normal
2026-03-01 11:09:07 [byzantine-cluster-worker] Loss=0.0150 | Trust=100.0 | ✅ normal
2026-03-01 11:09:07 [byzantine-cluster-worker2] Loss=0.0150 | Trust=100.0 | ✅ normal
2026-03-01 11:09:07 [byzantine-cluster-worker3] Loss=0.0184 | Trust=100.0 | ✅ normal
2026-03-01 11:09:07 [byzantine-cluster-worker4] Loss=0.0109 | Trust=100.0 | ✅ normal
2026-03-01 11:09:07 [byzantine-cluster-worker5] Loss=0.0122 | Trust=100.0 | ✅ normal
2026-03-01 11:09:17 [byzantine-cluster-worker] Loss=0.0147 | Trust=100.0 | ✅ normal
2026-03-01 11:09:17 [byzantine-cluster-worker2] Loss=0.0141 | Trust=100.0 | ✅ normal
2026-03-01 11:09:17 [byzantine-cluster-worker3] Loss=0.0178 | Trust=100.0 | ✅ normal
2026-03-01 11:09:17 [byzantine-cluster-worker4] Loss=0.0433 | Trust=100.0 | ✅ normal
2026-03-01 11:09:17 [byzantine-cluster-worker5] Loss=0.0118 | Trust=100.0 | ✅ normal
2026-03-01 11:09:27 [byzantine-cluster-worker] Loss=0.0157 | Trust=100.0 | ✅ normal
2026-03-01 11:09:27 [byzantine-cluster-worker2] Loss=0.0148 | Trust=100.0 | ✅ normal
2026-03-01 11:09:27 [byzantine-cluster-worker3] Loss=0.0174 | Trust=100.0 | ✅ normal
2026-03-01 11:09:27 [byzantine-cluster-worker4] Loss=0.0793 | Trust= 95.0 | ⚠️  ANOMALY
2026-03-01 11:09:27 [byzantine-cluster-worker5] Loss=0.0129 | Trust=100.0 | ✅ normal
2026-03-01 11:09:37 [byzantine-cluster-worker] Loss=0.0154 | Trust=100.0 | ✅ normal
2026-03-01 11:09:37 [byzantine-cluster-worker2] Loss=0.0143 | Trust=100.0 | ✅ normal
2026-03-01 11:09:37 [byzantine-cluster-worker3] Loss=0.0180 | Trust=100.0 | ✅ normal
2026-03-01 11:09:37 [byzantine-cluster-worker4] Loss=0.1098 | Trust= 90.0 | ⚠️  ANOMALY
2026-03-01 11:09:37 [byzantine-cluster-worker5] Loss=0.0127 | Trust=100.0 | ✅ normal
2026-03-01 11:09:47 [byzantine-cluster-worker] Loss=0.0167 | Trust=100.0 | ✅ normal
2026-03-01 11:09:47 [byzantine-cluster-worker2] Loss=0.0153 | Trust=100.0 | ✅ normal
2026-03-01 11:09:47 [byzantine-cluster-worker3] Loss=0.0190 | Trust=100.0 | ✅ normal
2026-03-01 11:09:47 [byzantine-cluster-worker4] Loss=0.1072 | Trust= 85.0 | ⚠️  ANOMALY
2026-03-01 11:09:47 [byzantine-cluster-worker5] Loss=0.0143 | Trust=100.0 | ✅ normal
2026-03-01 11:09:57 [byzantine-cluster-worker] Loss=0.0180 | Trust=100.0 | ✅ normal
2026-03-01 11:09:57 [byzantine-cluster-worker2] Loss=0.0162 | Trust=100.0 | ✅ normal
2026-03-01 11:09:57 [byzantine-cluster-worker3] Loss=0.0206 | Trust=100.0 | ✅ normal
2026-03-01 11:09:58 [byzantine-cluster-worker4] Loss=0.1079 | Trust= 80.0 | ⚠️  ANOMALY
2026-03-01 11:09:58 [byzantine-cluster-worker5] Loss=0.0152 | Trust=100.0 | ✅ normal
2026-03-01 11:10:08 [byzantine-cluster-worker] Loss=0.0201 | Trust=100.0 | ✅ normal
2026-03-01 11:10:08 [byzantine-cluster-worker2] Loss=0.0156 | Trust=100.0 | ✅ normal
2026-03-01 11:10:08 [byzantine-cluster-worker3] Loss=0.0255 | Trust=100.0 | ✅ normal
2026-03-01 11:10:08 [byzantine-cluster-worker4] Loss=0.1130 | Trust= 75.0 | ⚠️  ANOMALY
2026-03-01 11:10:08 [byzantine-cluster-worker5] Loss=0.0168 | Trust=100.0 | ✅ normal
2026-03-01 11:10:18 [byzantine-cluster-worker] Loss=0.0218 | Trust=100.0 | ✅ normal
2026-03-01 11:10:18 [byzantine-cluster-worker2] Loss=0.0183 | Trust=100.0 | ✅ normal
2026-03-01 11:10:18 [byzantine-cluster-worker3] Loss=0.0294 | Trust=100.0 | ✅ normal
2026-03-01 11:10:18 [byzantine-cluster-worker4] Loss=0.1196 | Trust= 70.0 | ⚠️  ANOMALY
2026-03-01 11:10:18 [byzantine-cluster-worker5] Loss=0.0179 | Trust=100.0 | ✅ normal
2026-03-01 11:10:28 [byzantine-cluster-worker] Loss=0.0256 | Trust=100.0 | ✅ normal
2026-03-01 11:10:28 [byzantine-cluster-worker2] Loss=0.0214 | Trust=100.0 | ✅ normal
2026-03-01 11:10:28 [byzantine-cluster-worker3] Loss=0.0326 | Trust=100.0 | ✅ normal
2026-03-01 11:10:28 [byzantine-cluster-worker4] Loss=0.1280 | Trust= 65.0 | ⚠️  ANOMALY
2026-03-01 11:10:28 [byzantine-cluster-worker5] Loss=0.0223 | Trust=100.0 | ✅ normal
2026-03-01 11:10:38 [byzantine-cluster-worker] Loss=0.0254 | Trust=100.0 | ✅ normal
2026-03-01 11:10:38 [byzantine-cluster-worker2] Loss=0.0221 | Trust=100.0 | ✅ normal
2026-03-01 11:10:38 [byzantine-cluster-worker3] Loss=0.0392 | Trust=100.0 | ✅ normal
2026-03-01 11:10:38 [byzantine-cluster-worker4] Loss=0.1336 | Trust= 60.0 | ⚠️  ANOMALY
2026-03-01 11:10:38 [byzantine-cluster-worker5] Loss=0.0219 | Trust=100.0 | ✅ normal
2026-03-01 11:10:48 [byzantine-cluster-worker] Loss=0.0272 | Trust=100.0 | ✅ normal
2026-03-01 11:10:48 [byzantine-cluster-worker2] Loss=0.0229 | Trust=100.0 | ✅ normal
2026-03-01 11:10:48 [byzantine-cluster-worker3] Loss=0.0430 | Trust=100.0 | ✅ normal
2026-03-01 11:10:48 [byzantine-cluster-worker4] Loss=0.1370 | Trust= 55.0 | ⚠️  ANOMALY
2026-03-01 11:10:48 [byzantine-cluster-worker5] Loss=0.0270 | Trust=100.0 | ✅ normal
2026-03-01 11:10:58 [byzantine-cluster-worker] Loss=0.0272 | Trust=100.0 | ✅ normal
2026-03-01 11:10:58 [byzantine-cluster-worker2] Loss=0.0238 | Trust=100.0 | ✅ normal
2026-03-01 11:10:59 [byzantine-cluster-worker3] Loss=0.0473 | Trust=100.0 | ✅ normal
2026-03-01 11:10:59 [byzantine-cluster-worker4] Loss=0.1366 | Trust= 50.0 | ⚠️  ANOMALY
2026-03-01 11:10:59 [byzantine-cluster-worker5] Loss=0.0279 | Trust=100.0 | ✅ normal
2026-03-01 11:11:09 [byzantine-cluster-worker] Loss=0.0319 | Trust=100.0 | ✅ normal
2026-03-01 11:11:09 [byzantine-cluster-worker2] Loss=0.0289 | Trust=100.0 | ✅ normal
2026-03-01 11:11:09 [byzantine-cluster-worker3] Loss=0.0548 | Trust= 95.0 | ⚠️  ANOMALY
2026-03-01 11:11:09 [byzantine-cluster-worker4] Loss=0.1315 | Trust= 45.0 | ⚠️  ANOMALY
2026-03-01 11:11:09 [byzantine-cluster-worker5] Loss=0.0314 | Trust=100.0 | ✅ normal
2026-03-01 11:11:19 [byzantine-cluster-worker] Loss=0.0331 | Trust=100.0 | ✅ normal
2026-03-01 11:11:19 [byzantine-cluster-worker2] Loss=0.0305 | Trust=100.0 | ✅ normal
2026-03-01 11:11:19 [byzantine-cluster-worker3] Loss=0.0631 | Trust= 90.0 | ⚠️  ANOMALY
2026-03-01 11:11:19 [byzantine-cluster-worker4] Loss=0.1240 | Trust= 40.0 | ⚠️  ANOMALY
2026-03-01 11:11:19 [byzantine-cluster-worker5] Loss=0.0343 | Trust=100.0 | ✅ normal
2026-03-01 11:11:29 [byzantine-cluster-worker] Loss=0.0309 | Trust=100.0 | ✅ normal
2026-03-01 11:11:29 [byzantine-cluster-worker2] Loss=0.0300 | Trust=100.0 | ✅ normal
2026-03-01 11:11:29 [byzantine-cluster-worker3] Loss=0.0753 | Trust= 85.0 | ⚠️  ANOMALY
2026-03-01 11:11:29 [byzantine-cluster-worker4] Loss=0.1209 | Trust= 35.0 | ⚠️  ANOMALY
2026-03-01 11:11:29 [byzantine-cluster-worker5] Loss=0.0345 | Trust=100.0 | ✅ normal
2026-03-01 11:11:39 [byzantine-cluster-worker] Loss=0.0289 | Trust=100.0 | ✅ normal
2026-03-01 11:11:39 [byzantine-cluster-worker2] Loss=0.0279 | Trust=100.0 | ✅ normal
2026-03-01 11:11:39 [byzantine-cluster-worker3] Loss=0.0824 | Trust= 80.0 | ⚠️  ANOMALY
2026-03-01 11:11:39 [byzantine-cluster-worker4] Loss=0.1359 | Trust= 30.0 | ⚠️  ANOMALY
2026-03-01 11:11:39 [byzantine-cluster-worker5] Loss=0.0328 | Trust=100.0 | ✅ normal
2026-03-01 11:11:49 [byzantine-cluster-worker] Loss=0.0291 | Trust=100.0 | ✅ normal
2026-03-01 11:11:49 [byzantine-cluster-worker2] Loss=0.0287 | Trust=100.0 | ✅ normal
2026-03-01 11:11:49 [byzantine-cluster-worker3] Loss=0.0964 | Trust= 75.0 | ⚠️  ANOMALY
2026-03-01 11:11:49 [byzantine-cluster-worker4] Loss=0.1419 | Trust= 25.0 | ⚠️  ANOMALY
2026-03-01 11:11:49 [byzantine-cluster-worker5] Loss=0.0332 | Trust=100.0 | ✅ normal
2026-03-01 11:11:59 [byzantine-cluster-worker] Loss=0.0303 | Trust=100.0 | ✅ normal
2026-03-01 11:11:59 [byzantine-cluster-worker2] Loss=0.0303 | Trust=100.0 | ✅ normal
2026-03-01 11:11:59 [byzantine-cluster-worker3] Loss=0.1097 | Trust= 70.0 | ⚠️  ANOMALY
2026-03-01 11:12:00 [byzantine-cluster-worker4] Loss=0.1410 | Trust= 20.0 | ⚠️  ANOMALY
2026-03-01 11:12:00 [byzantine-cluster-worker5] Loss=0.0345 | Trust=100.0 | ✅ normal
2026-03-01 11:12:10 [byzantine-cluster-worker] Loss=0.0315 | Trust=100.0 | ✅ normal
2026-03-01 11:12:10 [byzantine-cluster-worker2] Loss=0.0321 | Trust=100.0 | ✅ normal
2026-03-01 11:12:10 [byzantine-cluster-worker3] Loss=0.1185 | Trust= 65.0 | ⚠️  ANOMALY
2026-03-01 11:12:10 [byzantine-cluster-worker4] Loss=0.1334 | Trust= 15.0 | ⚠️  ANOMALY
2026-03-01 11:12:10 [byzantine-cluster-worker5] Loss=0.0358 | Trust=100.0 | ✅ normal
2026-03-01 11:12:20 [byzantine-cluster-worker] Loss=0.0344 | Trust=100.0 | ✅ normal
2026-03-01 11:12:20 [byzantine-cluster-worker2] Loss=0.0355 | Trust=100.0 | ✅ normal
2026-03-01 11:12:20 [byzantine-cluster-worker3] Loss=0.1214 | Trust= 60.0 | ⚠️  ANOMALY
2026-03-01 11:12:20 [byzantine-cluster-worker4] Loss=0.1193 | Trust= 10.0 | ⚠️  ANOMALY
2026-03-01 11:12:20 [byzantine-cluster-worker5] Loss=0.0381 | Trust=100.0 | ✅ normal
2026-03-01 11:12:30 [byzantine-cluster-worker] Loss=0.0325 | Trust=100.0 | ✅ normal
2026-03-01 11:12:30 [byzantine-cluster-worker2] Loss=0.0340 | Trust=100.0 | ✅ normal
2026-03-01 11:12:30 [byzantine-cluster-worker3] Loss=0.1212 | Trust= 55.0 | ⚠️  ANOMALY
2026-03-01 11:12:30 [byzantine-cluster-worker4] Loss=0.1132 | Trust=  5.0 | ⚠️  ANOMALY
2026-03-01 11:12:30 [byzantine-cluster-worker5] Loss=0.0345 | Trust=100.0 | ✅ normal
2026-03-01 11:12:40 [byzantine-cluster-worker] Loss=0.0297 | Trust=100.0 | ✅ normal
2026-03-01 11:12:40 [byzantine-cluster-worker2] Loss=0.0304 | Trust=100.0 | ✅ normal
2026-03-01 11:12:40 [byzantine-cluster-worker3] Loss=0.1020 | Trust= 50.0 | ⚠️  ANOMALY
2026-03-01 11:12:40 [byzantine-cluster-worker4] Loss=0.0986 | Trust=  0.0 | ⚠️  ANOMALY
2026-03-01 11:12:40 [byzantine-cluster-worker5] Loss=0.0293 | Trust=100.0 | ✅ normal
2026-03-01 11:12:50 [byzantine-cluster-worker] Loss=0.0274 | Trust=100.0 | ✅ normal
2026-03-01 11:12:50 [byzantine-cluster-worker2] Loss=0.0304 | Trust=100.0 | ✅ normal
2026-03-01 11:12:50 [byzantine-cluster-worker3] Loss=0.0550 | Trust= 45.0 | ⚠️  ANOMALY
2026-03-01 11:12:50 [byzantine-cluster-worker4] Loss=0.0855 | Trust=  0.0 | ⚠️  ANOMALY
2026-03-01 11:12:50 [byzantine-cluster-worker5] Loss=0.0288 | Trust=100.0 | ✅ normal
2026-03-01 11:13:00 [byzantine-cluster-worker] Loss=0.0248 | Trust=100.0 | ✅ normal
2026-03-01 11:13:00 [byzantine-cluster-worker2] Loss=0.0269 | Trust=100.0 | ✅ normal
2026-03-01 11:13:00 [byzantine-cluster-worker3] Loss=0.0241 | Trust= 46.0 | ✅ normal
2026-03-01 11:13:00 [byzantine-cluster-worker4] Loss=0.0268 | Trust=  1.0 | ✅ normal
2026-03-01 11:13:00 [byzantine-cluster-worker5] Loss=0.0270 | Trust=100.0 | ✅ normal
2026-03-01 11:13:11 [byzantine-cluster-worker] Loss=0.0215 | Trust=100.0 | ✅ normal
2026-03-01 11:13:11 [byzantine-cluster-worker2] Loss=0.0236 | Trust=100.0 | ✅ normal
2026-03-01 11:13:11 [byzantine-cluster-worker3] Loss=0.0275 | Trust= 47.0 | ✅ normal
2026-03-01 11:13:11 [byzantine-cluster-worker4] Loss=0.0235 | Trust=  2.0 | ✅ normal
2026-03-01 11:13:11 [byzantine-cluster-worker5] Loss=0.0240 | Trust=100.0 | ✅ normal
2026-03-01 11:13:21 [byzantine-cluster-worker] Loss=0.0187 | Trust=100.0 | ✅ normal
2026-03-01 11:13:21 [byzantine-cluster-worker2] Loss=0.0210 | Trust=100.0 | ✅ normal
2026-03-01 11:13:21 [byzantine-cluster-worker3] Loss=0.0271 | Trust= 48.0 | ✅ normal
2026-03-01 11:13:21 [byzantine-cluster-worker4] Loss=0.0206 | Trust=  3.0 | ✅ normal
2026-03-01 11:13:21 [byzantine-cluster-worker5] Loss=0.0216 | Trust=100.0 | ✅ normal
2026-03-01 11:13:31 [byzantine-cluster-worker] Loss=0.0195 | Trust=100.0 | ✅ normal
2026-03-01 11:13:31 [byzantine-cluster-worker2] Loss=0.0228 | Trust=100.0 | ✅ normal
2026-03-01 11:13:31 [byzantine-cluster-worker3] Loss=0.0257 | Trust= 49.0 | ✅ normal
2026-03-01 11:13:31 [byzantine-cluster-worker4] Loss=0.0217 | Trust=  4.0 | ✅ normal
2026-03-01 11:13:31 [byzantine-cluster-worker5] Loss=0.0200 | Trust=100.0 | ✅ normal
2026-03-01 11:13:41 [byzantine-cluster-worker] Loss=0.0167 | Trust=100.0 | ✅ normal
2026-03-01 11:13:41 [byzantine-cluster-worker2] Loss=0.0195 | Trust=100.0 | ✅ normal
2026-03-01 11:13:41 [byzantine-cluster-worker3] Loss=0.0250 | Trust= 50.0 | ✅ normal
2026-03-01 11:13:41 [byzantine-cluster-worker4] Loss=0.0186 | Trust=  5.0 | ✅ normal
2026-03-01 11:13:41 [byzantine-cluster-worker5] Loss=0.0180 | Trust=100.0 | ✅ normal
2026-03-01 11:13:51 [byzantine-cluster-worker] Loss=0.0152 | Trust=100.0 | ✅ normal
2026-03-01 11:13:51 [byzantine-cluster-worker2] Loss=0.0180 | Trust=100.0 | ✅ normal
2026-03-01 11:13:51 [byzantine-cluster-worker3] Loss=0.0228 | Trust= 51.0 | ✅ normal
2026-03-01 11:13:51 [byzantine-cluster-worker4] Loss=0.0164 | Trust=  6.0 | ✅ normal
2026-03-01 11:13:51 [byzantine-cluster-worker5] Loss=0.0165 | Trust=100.0 | ✅ normal
2026-03-01 11:14:02 [byzantine-cluster-worker] Loss=0.0160 | Trust=100.0 | ✅ normal
2026-03-01 11:14:02 [byzantine-cluster-worker2] Loss=0.0191 | Trust=100.0 | ✅ normal
2026-03-01 11:14:02 [byzantine-cluster-worker3] Loss=0.0210 | Trust= 52.0 | ✅ normal
2026-03-01 11:14:02 [byzantine-cluster-worker4] Loss=0.0169 | Trust=  7.0 | ✅ normal
2026-03-01 11:14:02 [byzantine-cluster-worker5] Loss=0.0146 | Trust=100.0 | ✅ normal
2026-03-01 11:14:12 [byzantine-cluster-worker] Loss=0.0137 | Trust=100.0 | ✅ normal
2026-03-01 11:14:12 [byzantine-cluster-worker2] Loss=0.0169 | Trust=100.0 | ✅ normal
2026-03-01 11:14:12 [byzantine-cluster-worker3] Loss=0.0196 | Trust= 53.0 | ✅ normal
2026-03-01 11:14:12 [byzantine-cluster-worker4] Loss=0.0150 | Trust=  8.0 | ✅ normal
2026-03-01 11:14:12 [byzantine-cluster-worker5] Loss=0.0134 | Trust=100.0 | ✅ normal
2026-03-01 11:14:22 [byzantine-cluster-worker] Loss=0.0126 | Trust=100.0 | ✅ normal
2026-03-01 11:14:22 [byzantine-cluster-worker2] Loss=0.0159 | Trust=100.0 | ✅ normal
2026-03-01 11:14:22 [byzantine-cluster-worker3] Loss=0.0185 | Trust= 54.0 | ✅ normal
2026-03-01 11:14:22 [byzantine-cluster-worker4] Loss=0.0139 | Trust=  9.0 | ✅ normal
2026-03-01 11:14:22 [byzantine-cluster-worker5] Loss=0.0122 | Trust=100.0 | ✅ normal
2026-03-01 11:14:32 [byzantine-cluster-worker] Loss=0.0116 | Trust=100.0 | ✅ normal
2026-03-01 11:14:33 [byzantine-cluster-worker2] Loss=0.0180 | Trust=100.0 | ✅ normal
2026-03-01 11:14:33 [byzantine-cluster-worker3] Loss=0.0189 | Trust= 55.0 | ✅ normal
2026-03-01 11:14:33 [byzantine-cluster-worker4] Loss=0.0130 | Trust= 10.0 | ✅ normal
2026-03-01 11:14:33 [byzantine-cluster-worker5] Loss=0.0141 | Trust=100.0 | ✅ normal
2026-03-01 11:14:43 [byzantine-cluster-worker] Loss=0.0109 | Trust=100.0 | ✅ normal
2026-03-01 11:14:43 [byzantine-cluster-worker2] Loss=0.0170 | Trust=100.0 | ✅ normal
2026-03-01 11:14:43 [byzantine-cluster-worker3] Loss=0.0176 | Trust= 56.0 | ✅ normal
2026-03-01 11:14:43 [byzantine-cluster-worker4] Loss=0.0123 | Trust= 11.0 | ✅ normal
2026-03-01 11:14:43 [byzantine-cluster-worker5] Loss=0.0123 | Trust=100.0 | ✅ normal
2026-03-01 11:14:53 [byzantine-cluster-worker] Loss=0.0110 | Trust=100.0 | ✅ normal
2026-03-01 11:14:53 [byzantine-cluster-worker2] Loss=0.0173 | Trust=100.0 | ✅ normal
2026-03-01 11:14:53 [byzantine-cluster-worker3] Loss=0.0173 | Trust= 57.0 | ✅ normal
2026-03-01 11:14:53 [byzantine-cluster-worker4] Loss=0.0120 | Trust= 12.0 | ✅ normal
2026-03-01 11:14:53 [byzantine-cluster-worker5] Loss=0.0122 | Trust=100.0 | ✅ normal
2026-03-01 11:15:03 [byzantine-cluster-worker] Loss=0.0110 | Trust=100.0 | ✅ normal
2026-03-01 11:15:03 [byzantine-cluster-worker2] Loss=0.0201 | Trust=100.0 | ✅ normal
2026-03-01 11:15:03 [byzantine-cluster-worker3] Loss=0.0168 | Trust= 58.0 | ✅ normal
2026-03-01 11:15:03 [byzantine-cluster-worker4] Loss=0.0113 | Trust= 13.0 | ✅ normal
2026-03-01 11:15:03 [byzantine-cluster-worker5] Loss=0.0153 | Trust=100.0 | ✅ normal
2026-03-01 11:15:13 [byzantine-cluster-worker] Loss=0.0108 | Trust=100.0 | ✅ normal
2026-03-01 11:15:13 [byzantine-cluster-worker2] Loss=0.0194 | Trust=100.0 | ✅ normal
2026-03-01 11:15:14 [byzantine-cluster-worker3] Loss=0.0166 | Trust= 59.0 | ✅ normal
2026-03-01 11:15:14 [byzantine-cluster-worker4] Loss=0.0107 | Trust= 14.0 | ✅ normal
2026-03-01 11:15:14 [byzantine-cluster-worker5] Loss=0.0142 | Trust=100.0 | ✅ normal
2026-03-01 11:15:24 [byzantine-cluster-worker] Loss=0.0104 | Trust=100.0 | ✅ normal
2026-03-01 11:15:24 [byzantine-cluster-worker2] Loss=0.0189 | Trust=100.0 | ✅ normal
2026-03-01 11:15:24 [byzantine-cluster-worker3] Loss=0.0165 | Trust= 60.0 | ✅ normal
2026-03-01 11:15:24 [byzantine-cluster-worker4] Loss=0.0103 | Trust= 15.0 | ✅ normal
2026-03-01 11:15:24 [byzantine-cluster-worker5] Loss=0.0137 | Trust=100.0 | ✅ normal
2026-03-01 11:15:34 [byzantine-cluster-worker] Loss=0.0099 | Trust=100.0 | ✅ normal
2026-03-01 11:15:34 [byzantine-cluster-worker2] Loss=0.0180 | Trust=100.0 | ✅ normal
2026-03-01 11:15:34 [byzantine-cluster-worker3] Loss=0.0175 | Trust= 61.0 | ✅ normal
2026-03-01 11:15:34 [byzantine-cluster-worker4] Loss=0.0098 | Trust= 16.0 | ✅ normal
2026-03-01 11:15:34 [byzantine-cluster-worker5] Loss=0.0132 | Trust=100.0 | ✅ normal
2026-03-01 11:15:44 [byzantine-cluster-worker] Loss=0.0084 | Trust=100.0 | ✅ normal
2026-03-01 11:15:44 [byzantine-cluster-worker2] Loss=0.0195 | Trust=100.0 | ✅ normal
2026-03-01 11:15:44 [byzantine-cluster-worker3] Loss=0.0146 | Trust= 62.0 | ✅ normal
2026-03-01 11:15:44 [byzantine-cluster-worker4] Loss=0.0084 | Trust= 17.0 | ✅ normal
2026-03-01 11:15:45 [byzantine-cluster-worker5] Loss=0.0119 | Trust=100.0 | ✅ normal
2026-03-01 11:15:55 [byzantine-cluster-worker] Loss=0.0083 | Trust=100.0 | ✅ normal
2026-03-01 11:15:55 [byzantine-cluster-worker2] Loss=0.0186 | Trust=100.0 | ✅ normal
2026-03-01 11:15:55 [byzantine-cluster-worker3] Loss=0.0150 | Trust= 63.0 | ✅ normal
2026-03-01 11:15:55 [byzantine-cluster-worker4] Loss=0.0084 | Trust= 18.0 | ✅ normal
2026-03-01 11:15:55 [byzantine-cluster-worker5] Loss=0.0118 | Trust=100.0 | ✅ normal
2026-03-01 11:16:05 [byzantine-cluster-worker] Loss=0.0083 | Trust=100.0 | ✅ normal
2026-03-01 11:16:05 [byzantine-cluster-worker2] Loss=0.0179 | Trust=100.0 | ✅ normal
2026-03-01 11:16:05 [byzantine-cluster-worker3] Loss=0.0151 | Trust= 64.0 | ✅ normal
2026-03-01 11:16:05 [byzantine-cluster-worker4] Loss=0.0084 | Trust= 19.0 | ✅ normal
2026-03-01 11:16:05 [byzantine-cluster-worker5] Loss=0.0116 | Trust=100.0 | ✅ normal
2026-03-01 11:16:15 [byzantine-cluster-worker] Loss=0.0106 | Trust=100.0 | ✅ normal
2026-03-01 11:16:15 [byzantine-cluster-worker2] Loss=0.0172 | Trust=100.0 | ✅ normal
2026-03-01 11:16:16 [byzantine-cluster-worker3] Loss=0.0160 | Trust= 65.0 | ✅ normal
2026-03-01 11:16:16 [byzantine-cluster-worker4] Loss=0.0107 | Trust= 20.0 | ✅ normal
2026-03-01 11:16:16 [byzantine-cluster-worker5] Loss=0.0102 | Trust=100.0 | ✅ normal
2026-03-01 11:16:26 [byzantine-cluster-worker] Loss=0.0097 | Trust=100.0 | ✅ normal
2026-03-01 11:16:26 [byzantine-cluster-worker2] Loss=0.0169 | Trust=100.0 | ✅ normal
2026-03-01 11:16:26 [byzantine-cluster-worker3] Loss=0.0155 | Trust= 66.0 | ✅ normal
2026-03-01 11:16:26 [byzantine-cluster-worker4] Loss=0.0100 | Trust= 21.0 | ✅ normal
2026-03-01 11:16:26 [byzantine-cluster-worker5] Loss=0.0102 | Trust=100.0 | ✅ normal
2026-03-01 11:16:36 [byzantine-cluster-worker] Loss=0.0093 | Trust=100.0 | ✅ normal
2026-03-01 11:16:36 [byzantine-cluster-worker2] Loss=0.0162 | Trust=100.0 | ✅ normal
2026-03-01 11:16:36 [byzantine-cluster-worker3] Loss=0.0165 | Trust= 67.0 | ✅ normal
2026-03-01 11:16:36 [byzantine-cluster-worker4] Loss=0.0095 | Trust= 22.0 | ✅ normal
2026-03-01 11:16:36 [byzantine-cluster-worker5] Loss=0.0102 | Trust=100.0 | ✅ normal
2026-03-01 11:16:46 [byzantine-cluster-worker] Loss=0.0117 | Trust=100.0 | ✅ normal
2026-03-01 11:16:46 [byzantine-cluster-worker2] Loss=0.0174 | Trust=100.0 | ✅ normal
2026-03-01 11:16:46 [byzantine-cluster-worker3] Loss=0.0188 | Trust= 68.0 | ✅ normal
2026-03-01 11:16:46 [byzantine-cluster-worker4] Loss=0.0118 | Trust= 23.0 | ✅ normal
2026-03-01 11:16:46 [byzantine-cluster-worker5] Loss=0.0126 | Trust=100.0 | ✅ normal
2026-03-01 11:16:56 [byzantine-cluster-worker] Loss=0.0089 | Trust=100.0 | ✅ normal
2026-03-01 11:16:56 [byzantine-cluster-worker2] Loss=0.0156 | Trust=100.0 | ✅ normal
2026-03-01 11:16:56 [byzantine-cluster-worker3] Loss=0.0174 | Trust= 69.0 | ✅ normal
2026-03-01 11:16:56 [byzantine-cluster-worker4] Loss=0.0093 | Trust= 24.0 | ✅ normal
2026-03-01 11:16:56 [byzantine-cluster-worker5] Loss=0.0118 | Trust=100.0 | ✅ normal
2026-03-01 11:17:06 [byzantine-cluster-worker] Loss=0.0087 | Trust=100.0 | ✅ normal
2026-03-01 11:17:06 [byzantine-cluster-worker2] Loss=0.0150 | Trust=100.0 | ✅ normal
2026-03-01 11:17:06 [byzantine-cluster-worker3] Loss=0.0182 | Trust= 70.0 | ✅ normal
2026-03-01 11:17:06 [byzantine-cluster-worker4] Loss=0.0091 | Trust= 25.0 | ✅ normal
2026-03-01 11:17:06 [byzantine-cluster-worker5] Loss=0.0118 | Trust=100.0 | ✅ normal
2026-03-01 11:17:16 [byzantine-cluster-worker] Loss=0.0084 | Trust=100.0 | ✅ normal
2026-03-01 11:17:16 [byzantine-cluster-worker2] Loss=0.0140 | Trust=100.0 | ✅ normal
2026-03-01 11:17:17 [byzantine-cluster-worker3] Loss=0.0184 | Trust= 71.0 | ✅ normal
2026-03-01 11:17:17 [byzantine-cluster-worker4] Loss=0.0089 | Trust= 26.0 | ✅ normal
2026-03-01 11:17:17 [byzantine-cluster-worker5] Loss=0.0136 | Trust=100.0 | ✅ normal
2026-03-01 11:17:27 [byzantine-cluster-worker] Loss=0.0070 | Trust=100.0 | ✅ normal
2026-03-01 11:17:27 [byzantine-cluster-worker2] Loss=0.0126 | Trust=100.0 | ✅ normal
2026-03-01 11:17:27 [byzantine-cluster-worker3] Loss=0.0171 | Trust= 72.0 | ✅ normal
2026-03-01 11:17:27 [byzantine-cluster-worker4] Loss=0.0073 | Trust= 27.0 | ✅ normal
2026-03-01 11:17:27 [byzantine-cluster-worker5] Loss=0.0124 | Trust=100.0 | ✅ normal
2026-03-01 11:17:37 [byzantine-cluster-worker] Loss=0.0071 | Trust=100.0 | ✅ normal
2026-03-01 11:17:37 [byzantine-cluster-worker2] Loss=0.0121 | Trust=100.0 | ✅ normal
2026-03-01 11:17:37 [byzantine-cluster-worker3] Loss=0.0171 | Trust= 73.0 | ✅ normal
2026-03-01 11:17:37 [byzantine-cluster-worker4] Loss=0.0073 | Trust= 28.0 | ✅ normal
2026-03-01 11:17:37 [byzantine-cluster-worker5] Loss=0.0119 | Trust=100.0 | ✅ normal
2026-03-01 11:17:47 [byzantine-cluster-worker] Loss=0.0073 | Trust=100.0 | ✅ normal
2026-03-01 11:17:47 [byzantine-cluster-worker2] Loss=0.0115 | Trust=100.0 | ✅ normal
2026-03-01 11:17:47 [byzantine-cluster-worker3] Loss=0.0165 | Trust= 74.0 | ✅ normal
2026-03-01 11:17:47 [byzantine-cluster-worker4] Loss=0.0074 | Trust= 29.0 | ✅ normal
2026-03-01 11:17:47 [byzantine-cluster-worker5] Loss=0.0114 | Trust=100.0 | ✅ normal
2026-03-01 11:17:57 [byzantine-cluster-worker] Loss=0.0073 | Trust=100.0 | ✅ normal
2026-03-01 11:17:57 [byzantine-cluster-worker2] Loss=0.0099 | Trust=100.0 | ✅ normal
2026-03-01 11:17:57 [byzantine-cluster-worker3] Loss=0.0154 | Trust= 75.0 | ✅ normal
2026-03-01 11:17:57 [byzantine-cluster-worker4] Loss=0.0074 | Trust= 30.0 | ✅ normal
2026-03-01 11:17:57 [byzantine-cluster-worker5] Loss=0.0123 | Trust=100.0 | ✅ normal
2026-03-01 11:18:07 [byzantine-cluster-worker] Loss=0.0073 | Trust=100.0 | ✅ normal
2026-03-01 11:18:07 [byzantine-cluster-worker2] Loss=0.0094 | Trust=100.0 | ✅ normal
2026-03-01 11:18:07 [byzantine-cluster-worker3] Loss=0.0151 | Trust= 76.0 | ✅ normal
2026-03-01 11:18:07 [byzantine-cluster-worker4] Loss=0.0074 | Trust= 31.0 | ✅ normal
2026-03-01 11:18:07 [byzantine-cluster-worker5] Loss=0.0112 | Trust=100.0 | ✅ normal
2026-03-01 11:18:17 [byzantine-cluster-worker] Loss=0.0073 | Trust=100.0 | ✅ normal
2026-03-01 11:18:17 [byzantine-cluster-worker2] Loss=0.0089 | Trust=100.0 | ✅ normal
2026-03-01 11:18:17 [byzantine-cluster-worker3] Loss=0.0147 | Trust= 77.0 | ✅ normal
2026-03-01 11:18:17 [byzantine-cluster-worker4] Loss=0.0074 | Trust= 32.0 | ✅ normal
2026-03-01 11:18:17 [byzantine-cluster-worker5] Loss=0.0108 | Trust=100.0 | ✅ normal
2026-03-01 11:18:28 [byzantine-cluster-worker] Loss=0.0094 | Trust=100.0 | ✅ normal
2026-03-01 11:18:28 [byzantine-cluster-worker2] Loss=0.0096 | Trust=100.0 | ✅ normal
2026-03-01 11:18:28 [byzantine-cluster-worker3] Loss=0.0157 | Trust= 78.0 | ✅ normal
2026-03-01 11:18:28 [byzantine-cluster-worker4] Loss=0.0095 | Trust= 33.0 | ✅ normal
2026-03-01 11:18:28 [byzantine-cluster-worker5] Loss=0.0121 | Trust=100.0 | ✅ normal
2026-03-01 11:18:38 [byzantine-cluster-worker] Loss=0.0092 | Trust=100.0 | ✅ normal
2026-03-01 11:18:38 [byzantine-cluster-worker2] Loss=0.0088 | Trust=100.0 | ✅ normal
2026-03-01 11:18:38 [byzantine-cluster-worker3] Loss=0.0154 | Trust= 79.0 | ✅ normal
2026-03-01 11:18:38 [byzantine-cluster-worker4] Loss=0.0092 | Trust= 34.0 | ✅ normal
2026-03-01 11:18:38 [byzantine-cluster-worker5] Loss=0.0113 | Trust=100.0 | ✅ normal
2026-03-01 11:18:48 [byzantine-cluster-worker] Loss=0.0093 | Trust=100.0 | ✅ normal
2026-03-01 11:18:48 [byzantine-cluster-worker2] Loss=0.0087 | Trust=100.0 | ✅ normal
2026-03-01 11:18:48 [byzantine-cluster-worker3] Loss=0.0155 | Trust= 80.0 | ✅ normal
2026-03-01 11:18:48 [byzantine-cluster-worker4] Loss=0.0092 | Trust= 35.0 | ✅ normal
2026-03-01 11:18:48 [byzantine-cluster-worker5] Loss=0.0115 | Trust=100.0 | ✅ normal
2026-03-01 11:18:58 [byzantine-cluster-worker] Loss=0.0118 | Trust=100.0 | ✅ normal
2026-03-01 11:18:58 [byzantine-cluster-worker2] Loss=0.0112 | Trust=100.0 | ✅ normal
2026-03-01 11:18:58 [byzantine-cluster-worker3] Loss=0.0171 | Trust= 81.0 | ✅ normal
2026-03-01 11:18:58 [byzantine-cluster-worker4] Loss=0.0114 | Trust= 36.0 | ✅ normal
2026-03-01 11:18:58 [byzantine-cluster-worker5] Loss=0.0143 | Trust=100.0 | ✅ normal
2026-03-01 11:19:08 [byzantine-cluster-worker] Loss=0.0110 | Trust=100.0 | ✅ normal
2026-03-01 11:19:08 [byzantine-cluster-worker2] Loss=0.0089 | Trust=100.0 | ✅ normal
2026-03-01 11:19:08 [byzantine-cluster-worker3] Loss=0.0175 | Trust= 82.0 | ✅ normal
2026-03-01 11:19:08 [byzantine-cluster-worker4] Loss=0.0108 | Trust= 37.0 | ✅ normal
2026-03-01 11:19:08 [byzantine-cluster-worker5] Loss=0.0141 | Trust=100.0 | ✅ normal
2026-03-01 11:19:18 [byzantine-cluster-worker] Loss=0.0107 | Trust=100.0 | ✅ normal
2026-03-01 11:19:18 [byzantine-cluster-worker2] Loss=0.0089 | Trust=100.0 | ✅ normal
2026-03-01 11:19:18 [byzantine-cluster-worker3] Loss=0.0181 | Trust= 83.0 | ✅ normal
2026-03-01 11:19:19 [byzantine-cluster-worker4] Loss=0.0107 | Trust= 38.0 | ✅ normal
2026-03-01 11:19:19 [byzantine-cluster-worker5] Loss=0.0141 | Trust=100.0 | ✅ normal
2026-03-01 11:19:29 [byzantine-cluster-worker] Loss=0.0103 | Trust=100.0 | ✅ normal
2026-03-01 11:19:29 [byzantine-cluster-worker2] Loss=0.0089 | Trust=100.0 | ✅ normal
2026-03-01 11:19:29 [byzantine-cluster-worker3] Loss=0.0182 | Trust= 84.0 | ✅ normal
2026-03-01 11:19:29 [byzantine-cluster-worker4] Loss=0.0103 | Trust= 39.0 | ✅ normal
2026-03-01 11:19:29 [byzantine-cluster-worker5] Loss=0.0141 | Trust=100.0 | ✅ normal
2026-03-01 11:19:39 [byzantine-cluster-worker] Loss=0.0089 | Trust=100.0 | ✅ normal
2026-03-01 11:19:39 [byzantine-cluster-worker2] Loss=0.0088 | Trust=100.0 | ✅ normal
2026-03-01 11:19:39 [byzantine-cluster-worker3] Loss=0.0170 | Trust= 85.0 | ✅ normal
2026-03-01 11:19:39 [byzantine-cluster-worker4] Loss=0.0089 | Trust= 40.0 | ✅ normal
2026-03-01 11:19:39 [byzantine-cluster-worker5] Loss=0.0141 | Trust=100.0 | ✅ normal
2026-03-01 11:19:49 [byzantine-cluster-worker] Loss=0.0089 | Trust=100.0 | ✅ normal
2026-03-01 11:19:49 [byzantine-cluster-worker2] Loss=0.0087 | Trust=100.0 | ✅ normal
2026-03-01 11:19:49 [byzantine-cluster-worker3] Loss=0.0170 | Trust= 86.0 | ✅ normal
2026-03-01 11:19:49 [byzantine-cluster-worker4] Loss=0.0089 | Trust= 41.0 | ✅ normal
2026-03-01 11:19:49 [byzantine-cluster-worker5] Loss=0.0138 | Trust=100.0 | ✅ normal
2026-03-01 11:19:59 [byzantine-cluster-worker] Loss=0.0087 | Trust=100.0 | ✅ normal
2026-03-01 11:19:59 [byzantine-cluster-worker2] Loss=0.0084 | Trust=100.0 | ✅ normal
2026-03-01 11:19:59 [byzantine-cluster-worker3] Loss=0.0165 | Trust= 87.0 | ✅ normal
2026-03-01 11:19:59 [byzantine-cluster-worker4] Loss=0.0087 | Trust= 42.0 | ✅ normal
2026-03-01 11:19:59 [byzantine-cluster-worker5] Loss=0.0131 | Trust=100.0 | ✅ normal
2026-03-01 11:20:09 [byzantine-cluster-worker] Loss=0.0075 | Trust=100.0 | ✅ normal
2026-03-01 11:20:09 [byzantine-cluster-worker2] Loss=0.0071 | Trust=100.0 | ✅ normal
2026-03-01 11:20:09 [byzantine-cluster-worker3] Loss=0.0153 | Trust= 88.0 | ✅ normal
2026-03-01 11:20:09 [byzantine-cluster-worker4] Loss=0.0074 | Trust= 43.0 | ✅ normal
2026-03-01 11:20:09 [byzantine-cluster-worker5] Loss=0.0119 | Trust=100.0 | ✅ normal
2026-03-01 11:20:19 [byzantine-cluster-worker] Loss=0.0076 | Trust=100.0 | ✅ normal
2026-03-01 11:20:19 [byzantine-cluster-worker2] Loss=0.0072 | Trust=100.0 | ✅ normal
2026-03-01 11:20:19 [byzantine-cluster-worker3] Loss=0.0151 | Trust= 89.0 | ✅ normal
2026-03-01 11:20:19 [byzantine-cluster-worker4] Loss=0.0074 | Trust= 44.0 | ✅ normal
2026-03-01 11:20:19 [byzantine-cluster-worker5] Loss=0.0116 | Trust=100.0 | ✅ normal
2026-03-01 11:20:29 [byzantine-cluster-worker] Loss=0.0076 | Trust=100.0 | ✅ normal
2026-03-01 11:20:30 [byzantine-cluster-worker2] Loss=0.0072 | Trust=100.0 | ✅ normal
2026-03-01 11:20:30 [byzantine-cluster-worker3] Loss=0.0147 | Trust= 90.0 | ✅ normal
2026-03-01 11:20:30 [byzantine-cluster-worker4] Loss=0.0074 | Trust= 45.0 | ✅ normal
2026-03-01 11:20:30 [byzantine-cluster-worker5] Loss=0.0110 | Trust=100.0 | ✅ normal
2026-03-01 11:20:40 [byzantine-cluster-worker] Loss=0.0100 | Trust=100.0 | ✅ normal
2026-03-01 11:20:40 [byzantine-cluster-worker2] Loss=0.0096 | Trust=100.0 | ✅ normal
2026-03-01 11:20:40 [byzantine-cluster-worker3] Loss=0.0157 | Trust= 91.0 | ✅ normal
2026-03-01 11:20:40 [byzantine-cluster-worker4] Loss=0.0099 | Trust= 46.0 | ✅ normal
2026-03-01 11:20:40 [byzantine-cluster-worker5] Loss=0.0121 | Trust=100.0 | ✅ normal
2026-03-01 11:20:50 [byzantine-cluster-worker] Loss=0.0095 | Trust=100.0 | ✅ normal
2026-03-01 11:20:50 [byzantine-cluster-worker2] Loss=0.0090 | Trust=100.0 | ✅ normal
2026-03-01 11:20:50 [byzantine-cluster-worker3] Loss=0.0153 | Trust= 92.0 | ✅ normal
2026-03-01 11:20:50 [byzantine-cluster-worker4] Loss=0.0092 | Trust= 47.0 | ✅ normal
2026-03-01 11:20:50 [byzantine-cluster-worker5] Loss=0.0115 | Trust=100.0 | ✅ normal
2026-03-01 11:21:00 [byzantine-cluster-worker] Loss=0.0094 | Trust=100.0 | ✅ normal
2026-03-01 11:21:00 [byzantine-cluster-worker2] Loss=0.0090 | Trust=100.0 | ✅ normal
2026-03-01 11:21:00 [byzantine-cluster-worker3] Loss=0.0153 | Trust= 93.0 | ✅ normal
2026-03-01 11:21:00 [byzantine-cluster-worker4] Loss=0.0092 | Trust= 48.0 | ✅ normal
2026-03-01 11:21:00 [byzantine-cluster-worker5] Loss=0.0111 | Trust=100.0 | ✅ normal
2026-03-01 11:21:10 [byzantine-cluster-worker] Loss=0.0119 | Trust=100.0 | ✅ normal
2026-03-01 11:21:10 [byzantine-cluster-worker2] Loss=0.0115 | Trust=100.0 | ✅ normal
2026-03-01 11:21:10 [byzantine-cluster-worker3] Loss=0.0170 | Trust= 94.0 | ✅ normal
2026-03-01 11:21:10 [byzantine-cluster-worker4] Loss=0.0118 | Trust= 49.0 | ✅ normal
2026-03-01 11:21:10 [byzantine-cluster-worker5] Loss=0.0132 | Trust=100.0 | ✅ normal
2026-03-01 11:21:20 [byzantine-cluster-worker] Loss=0.0112 | Trust=100.0 | ✅ normal
2026-03-01 11:21:20 [byzantine-cluster-worker2] Loss=0.0107 | Trust=100.0 | ✅ normal
2026-03-01 11:21:20 [byzantine-cluster-worker3] Loss=0.0172 | Trust= 95.0 | ✅ normal
2026-03-01 11:21:20 [byzantine-cluster-worker4] Loss=0.0110 | Trust= 50.0 | ✅ normal
2026-03-01 11:21:20 [byzantine-cluster-worker5] Loss=0.0112 | Trust=100.0 | ✅ normal
2026-03-01 11:21:30 [byzantine-cluster-worker] Loss=0.0110 | Trust=100.0 | ✅ normal
2026-03-01 11:21:30 [byzantine-cluster-worker2] Loss=0.0106 | Trust=100.0 | ✅ normal
2026-03-01 11:21:30 [byzantine-cluster-worker3] Loss=0.0178 | Trust= 96.0 | ✅ normal
2026-03-01 11:21:30 [byzantine-cluster-worker4] Loss=0.0108 | Trust= 51.0 | ✅ normal
2026-03-01 11:21:30 [byzantine-cluster-worker5] Loss=0.0110 | Trust=100.0 | ✅ normal
2026-03-01 11:21:41 [byzantine-cluster-worker] Loss=0.0106 | Trust=100.0 | ✅ normal
2026-03-01 11:21:41 [byzantine-cluster-worker2] Loss=0.0102 | Trust=100.0 | ✅ normal
2026-03-01 11:21:41 [byzantine-cluster-worker3] Loss=0.0195 | Trust= 97.0 | ✅ normal
2026-03-01 11:21:41 [byzantine-cluster-worker4] Loss=0.0130 | Trust= 52.0 | ✅ normal
2026-03-01 11:21:41 [byzantine-cluster-worker5] Loss=0.0106 | Trust=100.0 | ✅ normal
2026-03-01 11:21:51 [byzantine-cluster-worker] Loss=0.0093 | Trust=100.0 | ✅ normal
2026-03-01 11:21:51 [byzantine-cluster-worker2] Loss=0.0089 | Trust=100.0 | ✅ normal
2026-03-01 11:21:51 [byzantine-cluster-worker3] Loss=0.0183 | Trust= 98.0 | ✅ normal
2026-03-01 11:21:51 [byzantine-cluster-worker4] Loss=0.0109 | Trust= 53.0 | ✅ normal
2026-03-01 11:21:51 [byzantine-cluster-worker5] Loss=0.0093 | Trust=100.0 | ✅ normal
2026-03-01 11:22:01 [byzantine-cluster-worker] Loss=0.0091 | Trust=100.0 | ✅ normal
2026-03-01 11:22:01 [byzantine-cluster-worker2] Loss=0.0088 | Trust=100.0 | ✅ normal
2026-03-01 11:22:01 [byzantine-cluster-worker3] Loss=0.0183 | Trust= 99.0 | ✅ normal
2026-03-01 11:22:01 [byzantine-cluster-worker4] Loss=0.0109 | Trust= 54.0 | ✅ normal
2026-03-01 11:22:01 [byzantine-cluster-worker5] Loss=0.0092 | Trust=100.0 | ✅ normal
2026-03-01 11:22:11 [byzantine-cluster-worker] Loss=0.0087 | Trust=100.0 | ✅ normal
2026-03-01 11:22:11 [byzantine-cluster-worker2] Loss=0.0085 | Trust=100.0 | ✅ normal
2026-03-01 11:22:11 [byzantine-cluster-worker3] Loss=0.0178 | Trust=100.0 | ✅ normal
2026-03-01 11:22:11 [byzantine-cluster-worker4] Loss=0.0107 | Trust= 55.0 | ✅ normal
2026-03-01 11:22:11 [byzantine-cluster-worker5] Loss=0.0089 | Trust=100.0 | ✅ normal
2026-03-01 11:22:21 [byzantine-cluster-worker] Loss=0.0073 | Trust=100.0 | ✅ normal
2026-03-01 11:22:21 [byzantine-cluster-worker2] Loss=0.0072 | Trust=100.0 | ✅ normal
2026-03-01 11:22:21 [byzantine-cluster-worker3] Loss=0.0167 | Trust=100.0 | ✅ normal
2026-03-01 11:22:21 [byzantine-cluster-worker4] Loss=0.0095 | Trust= 56.0 | ✅ normal
2026-03-01 11:22:21 [byzantine-cluster-worker5] Loss=0.0073 | Trust=100.0 | ✅ normal
2026-03-01 11:22:31 [byzantine-cluster-worker] Loss=0.0074 | Trust=100.0 | ✅ normal
2026-03-01 11:22:31 [byzantine-cluster-worker2] Loss=0.0072 | Trust=100.0 | ✅ normal
2026-03-01 11:22:31 [byzantine-cluster-worker3] Loss=0.0164 | Trust=100.0 | ✅ normal
2026-03-01 11:22:31 [byzantine-cluster-worker4] Loss=0.0097 | Trust= 57.0 | ✅ normal
2026-03-01 11:22:31 [byzantine-cluster-worker5] Loss=0.0073 | Trust=100.0 | ✅ normal
2026-03-01 11:22:41 [byzantine-cluster-worker] Loss=0.0075 | Trust=100.0 | ✅ normal
2026-03-01 11:22:41 [byzantine-cluster-worker2] Loss=0.0073 | Trust=100.0 | ✅ normal
2026-03-01 11:22:41 [byzantine-cluster-worker3] Loss=0.0159 | Trust=100.0 | ✅ normal
2026-03-01 11:22:41 [byzantine-cluster-worker4] Loss=0.0098 | Trust= 58.0 | ✅ normal
2026-03-01 11:22:42 [byzantine-cluster-worker5] Loss=0.0073 | Trust=100.0 | ✅ normal
2026-03-01 11:22:52 [byzantine-cluster-worker] Loss=0.0076 | Trust=100.0 | ✅ normal
2026-03-01 11:22:52 [byzantine-cluster-worker2] Loss=0.0095 | Trust=100.0 | ✅ normal
2026-03-01 11:22:52 [byzantine-cluster-worker3] Loss=0.0153 | Trust=100.0 | ✅ normal
2026-03-01 11:22:52 [byzantine-cluster-worker4] Loss=0.0100 | Trust= 59.0 | ✅ normal
2026-03-01 11:22:52 [byzantine-cluster-worker5] Loss=0.0096 | Trust=100.0 | ✅ normal
2026-03-01 11:23:02 [byzantine-cluster-worker] Loss=0.0076 | Trust=100.0 | ✅ normal
2026-03-01 11:23:02 [byzantine-cluster-worker2] Loss=0.0092 | Trust=100.0 | ✅ normal
2026-03-01 11:23:02 [byzantine-cluster-worker3] Loss=0.0147 | Trust=100.0 | ✅ normal
2026-03-01 11:23:02 [byzantine-cluster-worker4] Loss=0.0101 | Trust= 60.0 | ✅ normal
2026-03-01 11:23:02 [byzantine-cluster-worker5] Loss=0.0093 | Trust=100.0 | ✅ normal
2026-03-01 11:23:12 [byzantine-cluster-worker] Loss=0.0077 | Trust=100.0 | ✅ normal
2026-03-01 11:23:12 [byzantine-cluster-worker2] Loss=0.0092 | Trust=100.0 | ✅ normal
2026-03-01 11:23:12 [byzantine-cluster-worker3] Loss=0.0144 | Trust=100.0 | ✅ normal
2026-03-01 11:23:12 [byzantine-cluster-worker4] Loss=0.0102 | Trust= 61.0 | ✅ normal
2026-03-01 11:23:12 [byzantine-cluster-worker5] Loss=0.0093 | Trust=100.0 | ✅ normal
2026-03-01 11:23:22 [byzantine-cluster-worker] Loss=0.0101 | Trust=100.0 | ✅ normal
2026-03-01 11:23:22 [byzantine-cluster-worker2] Loss=0.0116 | Trust=100.0 | ✅ normal
2026-03-01 11:23:22 [byzantine-cluster-worker3] Loss=0.0157 | Trust=100.0 | ✅ normal
2026-03-01 11:23:22 [byzantine-cluster-worker4] Loss=0.0125 | Trust= 62.0 | ✅ normal
2026-03-01 11:23:22 [byzantine-cluster-worker5] Loss=0.0116 | Trust=100.0 | ✅ normal
2026-03-01 11:23:32 [byzantine-cluster-worker] Loss=0.0094 | Trust=100.0 | ✅ normal
2026-03-01 11:23:32 [byzantine-cluster-worker2] Loss=0.0114 | Trust=100.0 | ✅ normal
2026-03-01 11:23:32 [byzantine-cluster-worker3] Loss=0.0160 | Trust=100.0 | ✅ normal
2026-03-01 11:23:32 [byzantine-cluster-worker4] Loss=0.0119 | Trust= 63.0 | ✅ normal
2026-03-01 11:23:32 [byzantine-cluster-worker5] Loss=0.0114 | Trust=100.0 | ✅ normal
2026-03-01 11:23:43 [byzantine-cluster-worker] Loss=0.0092 | Trust=100.0 | ✅ normal
2026-03-01 11:23:43 [byzantine-cluster-worker2] Loss=0.0113 | Trust=100.0 | ✅ normal
2026-03-01 11:23:43 [byzantine-cluster-worker3] Loss=0.0168 | Trust=100.0 | ✅ normal
2026-03-01 11:23:43 [byzantine-cluster-worker4] Loss=0.0116 | Trust= 64.0 | ✅ normal
2026-03-01 11:23:43 [byzantine-cluster-worker5] Loss=0.0113 | Trust=100.0 | ✅ normal
2026-03-01 11:23:53 [byzantine-cluster-worker] Loss=0.0117 | Trust=100.0 | ✅ normal
2026-03-01 11:23:53 [byzantine-cluster-worker2] Loss=0.0111 | Trust=100.0 | ✅ normal
2026-03-01 11:23:53 [byzantine-cluster-worker3] Loss=0.0188 | Trust=100.0 | ✅ normal
2026-03-01 11:23:53 [byzantine-cluster-worker4] Loss=0.0138 | Trust= 65.0 | ✅ normal
2026-03-01 11:23:53 [byzantine-cluster-worker5] Loss=0.0111 | Trust=100.0 | ✅ normal
2026-03-01 11:24:03 [byzantine-cluster-worker] Loss=0.0098 | Trust=100.0 | ✅ normal
2026-03-01 11:24:03 [byzantine-cluster-worker2] Loss=0.0099 | Trust=100.0 | ✅ normal
2026-03-01 11:24:03 [byzantine-cluster-worker3] Loss=0.0178 | Trust=100.0 | ✅ normal
2026-03-01 11:24:03 [byzantine-cluster-worker4] Loss=0.0120 | Trust= 66.0 | ✅ normal
2026-03-01 11:24:03 [byzantine-cluster-worker5] Loss=0.0099 | Trust=100.0 | ✅ normal
2026-03-01 11:30:54 [byzantine-cluster-worker] Loss=0.0195 | Trust=100.0 | ✅ normal
2026-03-01 11:30:54 [byzantine-cluster-worker2] Loss=0.0157 | Trust=100.0 | ✅ normal
2026-03-01 11:30:54 [byzantine-cluster-worker3] Loss=0.0177 | Trust=100.0 | ✅ normal
2026-03-01 11:30:54 [byzantine-cluster-worker4] Loss=0.0193 | Trust=100.0 | ✅ normal
2026-03-01 11:30:54 [byzantine-cluster-worker5] Loss=0.0120 | Trust=100.0 | ✅ normal
2026-03-01 11:31:04 [byzantine-cluster-worker] Loss=0.0184 | Trust=100.0 | ✅ normal
2026-03-01 11:31:04 [byzantine-cluster-worker2] Loss=0.0145 | Trust=100.0 | ✅ normal
2026-03-01 11:31:04 [byzantine-cluster-worker3] Loss=0.0184 | Trust=100.0 | ✅ normal
2026-03-01 11:31:04 [byzantine-cluster-worker4] Loss=0.0183 | Trust=100.0 | ✅ normal
2026-03-01 11:31:04 [byzantine-cluster-worker5] Loss=0.0112 | Trust=100.0 | ✅ normal
2026-03-01 11:31:14 [byzantine-cluster-worker] Loss=0.0173 | Trust=100.0 | ✅ normal
2026-03-01 11:31:14 [byzantine-cluster-worker2] Loss=0.0131 | Trust=100.0 | ✅ normal
2026-03-01 11:31:15 [byzantine-cluster-worker3] Loss=0.0160 | Trust=100.0 | ✅ normal
2026-03-01 11:31:15 [byzantine-cluster-worker4] Loss=0.0173 | Trust=100.0 | ✅ normal
2026-03-01 11:31:15 [byzantine-cluster-worker5] Loss=0.0125 | Trust=100.0 | ✅ normal
2026-03-01 11:31:25 [byzantine-cluster-worker] Loss=0.0168 | Trust=100.0 | ✅ normal
2026-03-01 11:31:25 [byzantine-cluster-worker2] Loss=0.0125 | Trust=100.0 | ✅ normal
2026-03-01 11:31:25 [byzantine-cluster-worker3] Loss=0.0155 | Trust=100.0 | ✅ normal
2026-03-01 11:31:25 [byzantine-cluster-worker4] Loss=0.0168 | Trust=100.0 | ✅ normal
2026-03-01 11:31:25 [byzantine-cluster-worker5] Loss=0.0111 | Trust=100.0 | ✅ normal
2026-03-01 11:31:35 [byzantine-cluster-worker] Loss=0.0155 | Trust=100.0 | ✅ normal
2026-03-01 11:31:35 [byzantine-cluster-worker2] Loss=0.0116 | Trust=100.0 | ✅ normal
2026-03-01 11:31:35 [byzantine-cluster-worker3] Loss=0.0156 | Trust=100.0 | ✅ normal
2026-03-01 11:31:35 [byzantine-cluster-worker4] Loss=0.0156 | Trust=100.0 | ✅ normal
2026-03-01 11:31:35 [byzantine-cluster-worker5] Loss=0.0107 | Trust=100.0 | ✅ normal
2026-03-01 11:31:45 [byzantine-cluster-worker] Loss=0.0179 | Trust=100.0 | ✅ normal
2026-03-01 11:31:45 [byzantine-cluster-worker2] Loss=0.0136 | Trust=100.0 | ✅ normal
2026-03-01 11:31:45 [byzantine-cluster-worker3] Loss=0.0183 | Trust=100.0 | ✅ normal
2026-03-01 11:31:45 [byzantine-cluster-worker4] Loss=0.0180 | Trust=100.0 | ✅ normal
2026-03-01 11:31:45 [byzantine-cluster-worker5] Loss=0.0125 | Trust=100.0 | ✅ normal
2026-03-01 11:31:55 [byzantine-cluster-worker] Loss=0.0164 | Trust=100.0 | ✅ normal
2026-03-01 11:31:55 [byzantine-cluster-worker2] Loss=0.0121 | Trust=100.0 | ✅ normal
2026-03-01 11:31:55 [byzantine-cluster-worker3] Loss=0.0184 | Trust=100.0 | ✅ normal
2026-03-01 11:31:55 [byzantine-cluster-worker4] Loss=0.0165 | Trust=100.0 | ✅ normal
2026-03-01 11:31:55 [byzantine-cluster-worker5] Loss=0.0118 | Trust=100.0 | ✅ normal
2026-03-01 11:32:06 [byzantine-cluster-worker] Loss=0.0172 | Trust=100.0 | ✅ normal
2026-03-01 11:32:06 [byzantine-cluster-worker2] Loss=0.0133 | Trust=100.0 | ✅ normal
2026-03-01 11:32:06 [byzantine-cluster-worker3] Loss=0.0192 | Trust=100.0 | ✅ normal
2026-03-01 11:32:06 [byzantine-cluster-worker4] Loss=0.0176 | Trust=100.0 | ✅ normal
2026-03-01 11:32:06 [byzantine-cluster-worker5] Loss=0.0137 | Trust=100.0 | ✅ normal
2026-03-01 11:32:16 [byzantine-cluster-worker] Loss=0.0183 | Trust=100.0 | ✅ normal
2026-03-01 11:32:16 [byzantine-cluster-worker2] Loss=0.0142 | Trust=100.0 | ✅ normal
2026-03-01 11:32:16 [byzantine-cluster-worker3] Loss=0.0213 | Trust=100.0 | ✅ normal
2026-03-01 11:32:16 [byzantine-cluster-worker4] Loss=0.0193 | Trust=100.0 | ✅ normal
2026-03-01 11:32:16 [byzantine-cluster-worker5] Loss=0.0171 | Trust=100.0 | ✅ normal
2026-03-01 11:32:26 [byzantine-cluster-worker] Loss=0.0193 | Trust=100.0 | ✅ normal
2026-03-01 11:32:26 [byzantine-cluster-worker2] Loss=0.0157 | Trust=100.0 | ✅ normal
2026-03-01 11:32:26 [byzantine-cluster-worker3] Loss=0.0212 | Trust=100.0 | ✅ normal
2026-03-01 11:32:26 [byzantine-cluster-worker4] Loss=0.0204 | Trust=100.0 | ✅ normal
2026-03-01 11:32:26 [byzantine-cluster-worker5] Loss=0.0176 | Trust=100.0 | ✅ normal
2026-03-01 11:32:36 [byzantine-cluster-worker] Loss=0.0200 | Trust=100.0 | ✅ normal
2026-03-01 11:32:36 [byzantine-cluster-worker2] Loss=0.0172 | Trust=100.0 | ✅ normal
2026-03-01 11:32:36 [byzantine-cluster-worker3] Loss=0.0221 | Trust=100.0 | ✅ normal
2026-03-01 11:32:36 [byzantine-cluster-worker4] Loss=0.0214 | Trust=100.0 | ✅ normal
2026-03-01 11:32:36 [byzantine-cluster-worker5] Loss=0.0203 | Trust=100.0 | ✅ normal
2026-03-01 11:32:46 [byzantine-cluster-worker] Loss=0.0209 | Trust=100.0 | ✅ normal
2026-03-01 11:32:46 [byzantine-cluster-worker2] Loss=0.0189 | Trust=100.0 | ✅ normal
2026-03-01 11:32:46 [byzantine-cluster-worker3] Loss=0.0241 | Trust=100.0 | ✅ normal
2026-03-01 11:32:46 [byzantine-cluster-worker4] Loss=0.0225 | Trust=100.0 | ✅ normal
2026-03-01 11:32:46 [byzantine-cluster-worker5] Loss=0.0217 | Trust=100.0 | ✅ normal
2026-03-01 11:32:56 [byzantine-cluster-worker] Loss=0.0217 | Trust=100.0 | ✅ normal
2026-03-01 11:32:56 [byzantine-cluster-worker2] Loss=0.0196 | Trust=100.0 | ✅ normal
2026-03-01 11:32:56 [byzantine-cluster-worker3] Loss=0.0223 | Trust=100.0 | ✅ normal
2026-03-01 11:32:56 [byzantine-cluster-worker4] Loss=0.0230 | Trust=100.0 | ✅ normal
2026-03-01 11:32:56 [byzantine-cluster-worker5] Loss=0.0218 | Trust=100.0 | ✅ normal
2026-03-01 11:33:06 [byzantine-cluster-worker] Loss=0.0223 | Trust=100.0 | ✅ normal
2026-03-01 11:33:07 [byzantine-cluster-worker2] Loss=0.0207 | Trust=100.0 | ✅ normal
2026-03-01 11:33:07 [byzantine-cluster-worker3] Loss=0.0244 | Trust=100.0 | ✅ normal
2026-03-01 11:33:07 [byzantine-cluster-worker4] Loss=0.0243 | Trust=100.0 | ✅ normal
2026-03-01 11:33:07 [byzantine-cluster-worker5] Loss=0.0234 | Trust=100.0 | ✅ normal
2026-03-01 11:33:17 [byzantine-cluster-worker] Loss=0.0240 | Trust=100.0 | ✅ normal
2026-03-01 11:33:17 [byzantine-cluster-worker2] Loss=0.0237 | Trust=100.0 | ✅ normal
2026-03-01 11:33:17 [byzantine-cluster-worker3] Loss=0.0329 | Trust=100.0 | ✅ normal
2026-03-01 11:33:17 [byzantine-cluster-worker4] Loss=0.0261 | Trust=100.0 | ✅ normal
2026-03-01 11:33:17 [byzantine-cluster-worker5] Loss=0.0260 | Trust=100.0 | ✅ normal
2026-03-01 11:33:27 [byzantine-cluster-worker] Loss=0.0247 | Trust=100.0 | ✅ normal
2026-03-01 11:33:27 [byzantine-cluster-worker2] Loss=0.0253 | Trust=100.0 | ✅ normal
2026-03-01 11:33:27 [byzantine-cluster-worker3] Loss=0.0370 | Trust=100.0 | ✅ normal
2026-03-01 11:33:27 [byzantine-cluster-worker4] Loss=0.0276 | Trust=100.0 | ✅ normal
2026-03-01 11:33:27 [byzantine-cluster-worker5] Loss=0.0284 | Trust=100.0 | ✅ normal
2026-03-01 11:33:37 [byzantine-cluster-worker] Loss=0.0264 | Trust=100.0 | ✅ normal
2026-03-01 11:33:37 [byzantine-cluster-worker2] Loss=0.0269 | Trust=100.0 | ✅ normal
2026-03-01 11:33:37 [byzantine-cluster-worker3] Loss=0.0473 | Trust=100.0 | ✅ normal
2026-03-01 11:33:37 [byzantine-cluster-worker4] Loss=0.0294 | Trust=100.0 | ✅ normal
2026-03-01 11:33:37 [byzantine-cluster-worker5] Loss=0.0297 | Trust=100.0 | ✅ normal
2026-03-01 11:33:47 [byzantine-cluster-worker] Loss=0.0287 | Trust=100.0 | ✅ normal
2026-03-01 11:33:47 [byzantine-cluster-worker2] Loss=0.0293 | Trust=100.0 | ✅ normal
2026-03-01 11:33:47 [byzantine-cluster-worker3] Loss=0.0594 | Trust= 95.0 | ⚠️  ANOMALY
2026-03-01 11:33:47 [byzantine-cluster-worker4] Loss=0.0315 | Trust=100.0 | ✅ normal
2026-03-01 11:33:47 [byzantine-cluster-worker5] Loss=0.0317 | Trust=100.0 | ✅ normal
2026-03-01 11:33:57 [byzantine-cluster-worker] Loss=0.0306 | Trust=100.0 | ✅ normal
2026-03-01 11:33:57 [byzantine-cluster-worker2] Loss=0.0320 | Trust=100.0 | ✅ normal
2026-03-01 11:33:57 [byzantine-cluster-worker3] Loss=0.0737 | Trust= 90.0 | ⚠️  ANOMALY
2026-03-01 11:33:57 [byzantine-cluster-worker4] Loss=0.0331 | Trust=100.0 | ✅ normal
2026-03-01 11:33:57 [byzantine-cluster-worker5] Loss=0.0341 | Trust=100.0 | ✅ normal
2026-03-01 11:34:07 [byzantine-cluster-worker] Loss=0.0321 | Trust=100.0 | ✅ normal
2026-03-01 11:34:07 [byzantine-cluster-worker2] Loss=0.0332 | Trust=100.0 | ✅ normal
2026-03-01 11:34:07 [byzantine-cluster-worker3] Loss=0.0916 | Trust= 85.0 | ⚠️  ANOMALY
2026-03-01 11:34:08 [byzantine-cluster-worker4] Loss=0.0353 | Trust=100.0 | ✅ normal
2026-03-01 11:34:08 [byzantine-cluster-worker5] Loss=0.0348 | Trust=100.0 | ✅ normal
2026-03-01 11:34:18 [byzantine-cluster-worker] Loss=0.0317 | Trust=100.0 | ✅ normal
2026-03-01 11:34:18 [byzantine-cluster-worker2] Loss=0.0365 | Trust=100.0 | ✅ normal
2026-03-01 11:34:18 [byzantine-cluster-worker3] Loss=0.1040 | Trust= 80.0 | ⚠️  ANOMALY
2026-03-01 11:34:18 [byzantine-cluster-worker4] Loss=0.0355 | Trust=100.0 | ✅ normal
2026-03-01 11:34:18 [byzantine-cluster-worker5] Loss=0.0379 | Trust=100.0 | ✅ normal
2026-03-01 11:34:28 [byzantine-cluster-worker] Loss=0.0359 | Trust=100.0 | ✅ normal
2026-03-01 11:34:28 [byzantine-cluster-worker2] Loss=0.0401 | Trust=100.0 | ✅ normal
2026-03-01 11:34:28 [byzantine-cluster-worker3] Loss=0.1124 | Trust= 75.0 | ⚠️  ANOMALY
2026-03-01 11:34:28 [byzantine-cluster-worker4] Loss=0.0394 | Trust=100.0 | ✅ normal
2026-03-01 11:34:28 [byzantine-cluster-worker5] Loss=0.0368 | Trust=100.0 | ✅ normal
2026-03-01 11:34:38 [byzantine-cluster-worker] Loss=0.0379 | Trust=100.0 | ✅ normal
2026-03-01 11:34:38 [byzantine-cluster-worker2] Loss=0.0421 | Trust=100.0 | ✅ normal
2026-03-01 11:34:38 [byzantine-cluster-worker3] Loss=0.1175 | Trust= 70.0 | ⚠️  ANOMALY
2026-03-01 11:34:38 [byzantine-cluster-worker4] Loss=0.0412 | Trust=100.0 | ✅ normal
2026-03-01 11:34:38 [byzantine-cluster-worker5] Loss=0.0381 | Trust=100.0 | ✅ normal
2026-03-01 11:34:48 [byzantine-cluster-worker] Loss=0.0360 | Trust=100.0 | ✅ normal
2026-03-01 11:34:48 [byzantine-cluster-worker2] Loss=0.0401 | Trust=100.0 | ✅ normal
2026-03-01 11:34:48 [byzantine-cluster-worker3] Loss=0.1202 | Trust= 65.0 | ⚠️  ANOMALY
2026-03-01 11:34:48 [byzantine-cluster-worker4] Loss=0.0406 | Trust=100.0 | ✅ normal
2026-03-01 11:34:48 [byzantine-cluster-worker5] Loss=0.0418 | Trust=100.0 | ✅ normal
2026-03-01 11:34:58 [byzantine-cluster-worker] Loss=0.0302 | Trust=100.0 | ✅ normal
2026-03-01 11:34:58 [byzantine-cluster-worker2] Loss=0.0316 | Trust=100.0 | ✅ normal
2026-03-01 11:34:58 [byzantine-cluster-worker3] Loss=0.1124 | Trust= 60.0 | ⚠️  ANOMALY
2026-03-01 11:34:58 [byzantine-cluster-worker4] Loss=0.0336 | Trust=100.0 | ✅ normal
2026-03-01 11:34:58 [byzantine-cluster-worker5] Loss=0.0392 | Trust=100.0 | ✅ normal
2026-03-01 11:35:09 [byzantine-cluster-worker] Loss=0.0351 | Trust=100.0 | ✅ normal
2026-03-01 11:35:09 [byzantine-cluster-worker2] Loss=0.0366 | Trust=100.0 | ✅ normal
2026-03-01 11:35:09 [byzantine-cluster-worker3] Loss=0.1213 | Trust= 55.0 | ⚠️  ANOMALY
2026-03-01 11:35:09 [byzantine-cluster-worker4] Loss=0.0335 | Trust=100.0 | ✅ normal
2026-03-01 11:35:09 [byzantine-cluster-worker5] Loss=0.0407 | Trust=100.0 | ✅ normal
2026-03-01 11:35:19 [byzantine-cluster-worker] Loss=0.0293 | Trust=100.0 | ✅ normal
2026-03-01 11:35:19 [byzantine-cluster-worker2] Loss=0.0307 | Trust=100.0 | ✅ normal
2026-03-01 11:35:19 [byzantine-cluster-worker3] Loss=0.0985 | Trust= 50.0 | ⚠️  ANOMALY
2026-03-01 11:35:19 [byzantine-cluster-worker4] Loss=0.0303 | Trust=100.0 | ✅ normal
2026-03-01 11:35:19 [byzantine-cluster-worker5] Loss=0.0364 | Trust=100.0 | ✅ normal
2026-03-01 11:35:29 [byzantine-cluster-worker] Loss=0.0276 | Trust=100.0 | ✅ normal
2026-03-01 11:35:29 [byzantine-cluster-worker2] Loss=0.0291 | Trust=100.0 | ✅ normal
2026-03-01 11:35:29 [byzantine-cluster-worker3] Loss=0.0675 | Trust= 45.0 | ⚠️  ANOMALY
2026-03-01 11:35:29 [byzantine-cluster-worker4] Loss=0.0278 | Trust=100.0 | ✅ normal
2026-03-01 11:35:29 [byzantine-cluster-worker5] Loss=0.0322 | Trust=100.0 | ✅ normal
2026-03-01 11:35:39 [byzantine-cluster-worker] Loss=0.0313 | Trust=100.0 | ✅ normal
2026-03-01 11:35:39 [byzantine-cluster-worker2] Loss=0.0340 | Trust=100.0 | ✅ normal
2026-03-01 11:35:39 [byzantine-cluster-worker3] Loss=0.1034 | Trust= 40.0 | ⚠️  ANOMALY
2026-03-01 11:35:39 [byzantine-cluster-worker4] Loss=0.0295 | Trust=100.0 | ✅ normal
2026-03-01 11:35:39 [byzantine-cluster-worker5] Loss=0.0403 | Trust=100.0 | ✅ normal
2026-03-01 11:35:49 [byzantine-cluster-worker] Loss=0.0279 | Trust=100.0 | ✅ normal
2026-03-01 11:35:49 [byzantine-cluster-worker2] Loss=0.0296 | Trust=100.0 | ✅ normal
2026-03-01 11:35:49 [byzantine-cluster-worker3] Loss=0.0928 | Trust= 35.0 | ⚠️  ANOMALY
2026-03-01 11:35:49 [byzantine-cluster-worker4] Loss=0.0277 | Trust=100.0 | ✅ normal
2026-03-01 11:35:49 [byzantine-cluster-worker5] Loss=0.0344 | Trust=100.0 | ✅ normal
2026-03-01 11:35:59 [byzantine-cluster-worker] Loss=0.0273 | Trust=100.0 | ✅ normal
2026-03-01 11:35:59 [byzantine-cluster-worker2] Loss=0.0289 | Trust=100.0 | ✅ normal
2026-03-01 11:35:59 [byzantine-cluster-worker3] Loss=0.0692 | Trust= 30.0 | ⚠️  ANOMALY
2026-03-01 11:35:59 [byzantine-cluster-worker4] Loss=0.0266 | Trust=100.0 | ✅ normal
2026-03-01 11:35:59 [byzantine-cluster-worker5] Loss=0.0325 | Trust=100.0 | ✅ normal
2026-03-01 11:36:10 [byzantine-cluster-worker] Loss=0.0273 | Trust=100.0 | ✅ normal
2026-03-01 11:36:10 [byzantine-cluster-worker2] Loss=0.0280 | Trust=100.0 | ✅ normal
2026-03-01 11:36:10 [byzantine-cluster-worker3] Loss=0.0379 | Trust= 33.0 | ✅ normal
2026-03-01 11:36:10 [byzantine-cluster-worker4] Loss=0.0275 | Trust=100.0 | ✅ normal
2026-03-01 11:36:10 [byzantine-cluster-worker5] Loss=0.0322 | Trust=100.0 | ✅ normal
2026-03-01 11:36:20 [byzantine-cluster-worker] Loss=0.0267 | Trust=100.0 | ✅ normal
2026-03-01 11:36:20 [byzantine-cluster-worker2] Loss=0.0268 | Trust=100.0 | ✅ normal
2026-03-01 11:36:20 [byzantine-cluster-worker3] Loss=0.0245 | Trust= 36.0 | ✅ normal
2026-03-01 11:36:20 [byzantine-cluster-worker4] Loss=0.0261 | Trust=100.0 | ✅ normal
2026-03-01 11:36:20 [byzantine-cluster-worker5] Loss=0.0316 | Trust=100.0 | ✅ normal
2026-03-01 11:36:30 [byzantine-cluster-worker] Loss=0.0256 | Trust=100.0 | ✅ normal
2026-03-01 11:36:30 [byzantine-cluster-worker2] Loss=0.0248 | Trust=100.0 | ✅ normal
2026-03-01 11:36:30 [byzantine-cluster-worker3] Loss=0.0236 | Trust= 39.0 | ✅ normal
2026-03-01 11:36:30 [byzantine-cluster-worker4] Loss=0.0244 | Trust=100.0 | ✅ normal
2026-03-01 11:36:30 [byzantine-cluster-worker5] Loss=0.0298 | Trust=100.0 | ✅ normal
2026-03-01 11:36:40 [byzantine-cluster-worker] Loss=0.0242 | Trust=100.0 | ✅ normal
2026-03-01 11:36:40 [byzantine-cluster-worker2] Loss=0.0226 | Trust=100.0 | ✅ normal
2026-03-01 11:36:40 [byzantine-cluster-worker3] Loss=0.0234 | Trust= 42.0 | ✅ normal
2026-03-01 11:36:40 [byzantine-cluster-worker4] Loss=0.0224 | Trust=100.0 | ✅ normal
2026-03-01 11:36:40 [byzantine-cluster-worker5] Loss=0.0277 | Trust=100.0 | ✅ normal
2026-03-01 11:36:50 [byzantine-cluster-worker] Loss=0.0228 | Trust=100.0 | ✅ normal
2026-03-01 11:36:50 [byzantine-cluster-worker2] Loss=0.0203 | Trust=100.0 | ✅ normal
2026-03-01 11:36:50 [byzantine-cluster-worker3] Loss=0.0210 | Trust= 45.0 | ✅ normal
2026-03-01 11:36:50 [byzantine-cluster-worker4] Loss=0.0207 | Trust=100.0 | ✅ normal
2026-03-01 11:36:50 [byzantine-cluster-worker5] Loss=0.0252 | Trust=100.0 | ✅ normal
2026-03-01 11:37:00 [byzantine-cluster-worker] Loss=0.0214 | Trust=100.0 | ✅ normal
2026-03-01 11:37:00 [byzantine-cluster-worker2] Loss=0.0180 | Trust=100.0 | ✅ normal
2026-03-01 11:37:00 [byzantine-cluster-worker3] Loss=0.0193 | Trust= 48.0 | ✅ normal
2026-03-01 11:37:00 [byzantine-cluster-worker4] Loss=0.0191 | Trust=100.0 | ✅ normal
2026-03-01 11:37:00 [byzantine-cluster-worker5] Loss=0.0221 | Trust=100.0 | ✅ normal
2026-03-01 11:37:11 [byzantine-cluster-worker] Loss=0.0200 | Trust=100.0 | ✅ normal
2026-03-01 11:37:11 [byzantine-cluster-worker2] Loss=0.0156 | Trust=100.0 | ✅ normal
2026-03-01 11:37:11 [byzantine-cluster-worker3] Loss=0.0180 | Trust= 51.0 | ✅ normal
2026-03-01 11:37:11 [byzantine-cluster-worker4] Loss=0.0177 | Trust=100.0 | ✅ normal
2026-03-01 11:37:11 [byzantine-cluster-worker5] Loss=0.0187 | Trust=100.0 | ✅ normal
2026-03-01 11:37:21 [byzantine-cluster-worker] Loss=0.0188 | Trust=100.0 | ✅ normal
2026-03-01 11:37:21 [byzantine-cluster-worker2] Loss=0.0171 | Trust=100.0 | ✅ normal
2026-03-01 11:37:21 [byzantine-cluster-worker3] Loss=0.0168 | Trust= 54.0 | ✅ normal
2026-03-01 11:37:21 [byzantine-cluster-worker4] Loss=0.0163 | Trust=100.0 | ✅ normal
2026-03-01 11:37:21 [byzantine-cluster-worker5] Loss=0.0206 | Trust=100.0 | ✅ normal
2026-03-01 11:37:31 [byzantine-cluster-worker] Loss=0.0176 | Trust=100.0 | ✅ normal
2026-03-01 11:37:31 [byzantine-cluster-worker2] Loss=0.0156 | Trust=100.0 | ✅ normal
2026-03-01 11:37:31 [byzantine-cluster-worker3] Loss=0.0158 | Trust= 57.0 | ✅ normal
2026-03-01 11:37:31 [byzantine-cluster-worker4] Loss=0.0153 | Trust=100.0 | ✅ normal
2026-03-01 11:37:31 [byzantine-cluster-worker5] Loss=0.0176 | Trust=100.0 | ✅ normal
2026-03-01 11:37:41 [byzantine-cluster-worker] Loss=0.0151 | Trust=100.0 | ✅ normal
2026-03-01 11:37:41 [byzantine-cluster-worker2] Loss=0.0138 | Trust=100.0 | ✅ normal
2026-03-01 11:37:41 [byzantine-cluster-worker3] Loss=0.0166 | Trust= 60.0 | ✅ normal
2026-03-01 11:37:41 [byzantine-cluster-worker4] Loss=0.0137 | Trust=100.0 | ✅ normal
2026-03-01 11:37:41 [byzantine-cluster-worker5] Loss=0.0153 | Trust=100.0 | ✅ normal
2026-03-01 11:37:51 [byzantine-cluster-worker] Loss=0.0165 | Trust=100.0 | ✅ normal
2026-03-01 11:37:51 [byzantine-cluster-worker2] Loss=0.0155 | Trust=100.0 | ✅ normal
2026-03-01 11:37:51 [byzantine-cluster-worker3] Loss=0.0187 | Trust= 63.0 | ✅ normal
2026-03-01 11:37:51 [byzantine-cluster-worker4] Loss=0.0151 | Trust=100.0 | ✅ normal
2026-03-01 11:37:51 [byzantine-cluster-worker5] Loss=0.0160 | Trust=100.0 | ✅ normal
2026-03-01 11:38:01 [byzantine-cluster-worker] Loss=0.0146 | Trust=100.0 | ✅ normal
2026-03-01 11:38:01 [byzantine-cluster-worker2] Loss=0.0138 | Trust=100.0 | ✅ normal
2026-03-01 11:38:01 [byzantine-cluster-worker3] Loss=0.0176 | Trust= 66.0 | ✅ normal
2026-03-01 11:38:01 [byzantine-cluster-worker4] Loss=0.0128 | Trust=100.0 | ✅ normal
2026-03-01 11:38:01 [byzantine-cluster-worker5] Loss=0.0141 | Trust=100.0 | ✅ normal
2026-03-01 11:38:12 [byzantine-cluster-worker] Loss=0.0133 | Trust=100.0 | ✅ normal
2026-03-01 11:38:12 [byzantine-cluster-worker2] Loss=0.0126 | Trust=100.0 | ✅ normal
2026-03-01 11:38:12 [byzantine-cluster-worker3] Loss=0.0161 | Trust= 69.0 | ✅ normal
2026-03-01 11:38:12 [byzantine-cluster-worker4] Loss=0.0117 | Trust=100.0 | ✅ normal
2026-03-01 11:38:12 [byzantine-cluster-worker5] Loss=0.0128 | Trust=100.0 | ✅ normal
